{"d:\\GitHub\\fdi-helper\\app.js":{"path":"d:\\GitHub\\fdi-helper\\app.js","statementMap":{"0":{"start":{"line":4,"column":13},"end":{"line":4,"column":28}},"1":{"start":{"line":5,"column":15},"end":{"line":5,"column":32}},"2":{"start":{"line":6,"column":19},"end":{"line":6,"column":41}},"3":{"start":{"line":7,"column":16},"end":{"line":7,"column":34}},"4":{"start":{"line":10,"column":15},"end":{"line":10,"column":40}},"5":{"start":{"line":13,"column":16},"end":{"line":13,"column":42}},"6":{"start":{"line":16,"column":12},"end":{"line":16,"column":21}},"7":{"start":{"line":19,"column":16},"end":{"line":19,"column":42}},"8":{"start":{"line":20,"column":21},"end":{"line":20,"column":53}},"9":{"start":{"line":22,"column":14},"end":{"line":22,"column":30}},"10":{"start":{"line":23,"column":13},"end":{"line":23,"column":49}},"11":{"start":{"line":24,"column":18},"end":{"line":24,"column":46}},"12":{"start":{"line":25,"column":17},"end":{"line":25,"column":37}},"13":{"start":{"line":27,"column":19},"end":{"line":27,"column":40}},"14":{"start":{"line":28,"column":21},"end":{"line":28,"column":55}},"15":{"start":{"line":29,"column":26},"end":{"line":34,"column":2}},"16":{"start":{"line":37,"column":0},"end":{"line":37,"column":30}},"17":{"start":{"line":38,"column":0},"end":{"line":38,"column":48}},"18":{"start":{"line":42,"column":0},"end":{"line":42,"column":27}},"19":{"start":{"line":47,"column":0},"end":{"line":47,"column":52}},"20":{"start":{"line":50,"column":0},"end":{"line":50,"column":23}},"21":{"start":{"line":53,"column":0},"end":{"line":53,"column":56}},"22":{"start":{"line":57,"column":0},"end":{"line":57,"column":22}},"23":{"start":{"line":60,"column":0},"end":{"line":63,"column":3}},"24":{"start":{"line":61,"column":4},"end":{"line":61,"column":25}},"25":{"start":{"line":62,"column":4},"end":{"line":62,"column":54}},"26":{"start":{"line":66,"column":0},"end":{"line":69,"column":3}},"27":{"start":{"line":67,"column":4},"end":{"line":67,"column":25}},"28":{"start":{"line":68,"column":4},"end":{"line":68,"column":79}},"29":{"start":{"line":72,"column":13},"end":{"line":78,"column":2}},"30":{"start":{"line":73,"column":3},"end":{"line":77,"column":5}},"31":{"start":{"line":74,"column":8},"end":{"line":74,"column":76}},"32":{"start":{"line":76,"column":8},"end":{"line":76,"column":70}},"33":{"start":{"line":80,"column":0},"end":{"line":80,"column":25}}},"fnMap":{"0":{"name":"(anonymous_0)","decl":{"start":{"line":60,"column":8},"end":{"line":60,"column":9}},"loc":{"start":{"line":60,"column":42},"end":{"line":63,"column":1}},"line":60},"1":{"name":"(anonymous_1)","decl":{"start":{"line":66,"column":8},"end":{"line":66,"column":9}},"loc":{"start":{"line":66,"column":49},"end":{"line":69,"column":1}},"line":66},"2":{"name":"(anonymous_2)","decl":{"start":{"line":72,"column":37},"end":{"line":72,"column":38}},"loc":{"start":{"line":72,"column":51},"end":{"line":78,"column":1}},"line":72}},"branchMap":{"0":{"loc":{"start":{"line":73,"column":3},"end":{"line":77,"column":5}},"type":"if","locations":[{"start":{"line":73,"column":3},"end":{"line":77,"column":5}},{"start":{"line":73,"column":3},"end":{"line":77,"column":5}}],"line":73}},"s":{"0":0,"1":0,"2":0,"3":0,"4":0,"5":0,"6":0,"7":0,"8":0,"9":0,"10":0,"11":0,"12":0,"13":0,"14":0,"15":0,"16":0,"17":0,"18":0,"19":0,"20":0,"21":0,"22":0,"23":0,"24":0,"25":0,"26":0,"27":0,"28":0,"29":0,"30":0,"31":0,"32":0,"33":0},"f":{"0":0,"1":0,"2":0},"b":{"0":[0,0]},"all":true},"d:\\GitHub\\fdi-helper\\controllers\\ControllerAssociations.js":{"path":"d:\\GitHub\\fdi-helper\\controllers\\ControllerAssociations.js","statementMap":{"0":{"start":{"line":3,"column":14},"end":{"line":3,"column":30}},"1":{"start":{"line":4,"column":15},"end":{"line":4,"column":41}},"2":{"start":{"line":5,"column":13},"end":{"line":5,"column":49}},"3":{"start":{"line":6,"column":11},"end":{"line":6,"column":24}},"4":{"start":{"line":7,"column":13},"end":{"line":7,"column":28}},"5":{"start":{"line":10,"column":26},"end":{"line":10,"column":62}},"6":{"start":{"line":11,"column":25},"end":{"line":11,"column":52}},"7":{"start":{"line":15,"column":4},"end":{"line":24,"column":7}},"8":{"start":{"line":16,"column":8},"end":{"line":23,"column":9}},"9":{"start":{"line":17,"column":12},"end":{"line":17,"column":22}},"10":{"start":{"line":20,"column":12},"end":{"line":20,"column":28}},"11":{"start":{"line":22,"column":12},"end":{"line":22,"column":75}},"12":{"start":{"line":29,"column":24},"end":{"line":29,"column":46}},"13":{"start":{"line":30,"column":4},"end":{"line":39,"column":7}},"14":{"start":{"line":31,"column":8},"end":{"line":38,"column":9}},"15":{"start":{"line":32,"column":12},"end":{"line":32,"column":22}},"16":{"start":{"line":35,"column":12},"end":{"line":35,"column":28}},"17":{"start":{"line":37,"column":12},"end":{"line":37,"column":68}},"18":{"start":{"line":45,"column":22},"end":{"line":53,"column":5}},"19":{"start":{"line":55,"column":4},"end":{"line":69,"column":6}},"20":{"start":{"line":57,"column":8},"end":{"line":68,"column":9}},"21":{"start":{"line":58,"column":12},"end":{"line":58,"column":22}},"22":{"start":{"line":60,"column":12},"end":{"line":60,"column":28}},"23":{"start":{"line":61,"column":12},"end":{"line":66,"column":13}},"24":{"start":{"line":62,"column":16},"end":{"line":62,"column":62}},"25":{"start":{"line":65,"column":16},"end":{"line":65,"column":50}},"26":{"start":{"line":74,"column":24},"end":{"line":74,"column":39}},"27":{"start":{"line":75,"column":4},"end":{"line":87,"column":7}},"28":{"start":{"line":76,"column":8},"end":{"line":86,"column":9}},"29":{"start":{"line":77,"column":12},"end":{"line":77,"column":22}},"30":{"start":{"line":80,"column":12},"end":{"line":81,"column":88}},"31":{"start":{"line":81,"column":16},"end":{"line":81,"column":88}},"32":{"start":{"line":83,"column":12},"end":{"line":83,"column":33}},"33":{"start":{"line":85,"column":12},"end":{"line":85,"column":51}},"34":{"start":{"line":92,"column":24},"end":{"line":92,"column":39}},"35":{"start":{"line":93,"column":15},"end":{"line":93,"column":42}},"36":{"start":{"line":94,"column":4},"end":{"line":110,"column":7}},"37":{"start":{"line":95,"column":8},"end":{"line":109,"column":9}},"38":{"start":{"line":96,"column":12},"end":{"line":96,"column":22}},"39":{"start":{"line":99,"column":12},"end":{"line":99,"column":33}},"40":{"start":{"line":100,"column":12},"end":{"line":107,"column":13}},"41":{"start":{"line":102,"column":16},"end":{"line":102,"column":55}},"42":{"start":{"line":106,"column":16},"end":{"line":106,"column":55}},"43":{"start":{"line":116,"column":19},"end":{"line":116,"column":43}},"44":{"start":{"line":118,"column":22},"end":{"line":126,"column":5}},"45":{"start":{"line":129,"column":4},"end":{"line":132,"column":5}},"46":{"start":{"line":130,"column":8},"end":{"line":130,"column":85}},"47":{"start":{"line":133,"column":4},"end":{"line":133,"column":29}},"48":{"start":{"line":134,"column":4},"end":{"line":142,"column":6}},"49":{"start":{"line":135,"column":8},"end":{"line":141,"column":9}},"50":{"start":{"line":136,"column":12},"end":{"line":136,"column":22}},"51":{"start":{"line":138,"column":12},"end":{"line":138,"column":28}},"52":{"start":{"line":140,"column":12},"end":{"line":140,"column":46}},"53":{"start":{"line":146,"column":0},"end":{"line":153,"column":2}}},"fnMap":{"0":{"name":"listAssociations","decl":{"start":{"line":14,"column":9},"end":{"line":14,"column":25}},"loc":{"start":{"line":14,"column":42},"end":{"line":25,"column":1}},"line":14},"1":{"name":"(anonymous_1)","decl":{"start":{"line":15,"column":39},"end":{"line":15,"column":40}},"loc":{"start":{"line":15,"column":68},"end":{"line":24,"column":5}},"line":15},"2":{"name":"associationInfo","decl":{"start":{"line":28,"column":9},"end":{"line":28,"column":24}},"loc":{"start":{"line":28,"column":41},"end":{"line":40,"column":1}},"line":28},"3":{"name":"(anonymous_3)","decl":{"start":{"line":30,"column":57},"end":{"line":30,"column":58}},"loc":{"start":{"line":30,"column":85},"end":{"line":39,"column":5}},"line":30},"4":{"name":"createAssociation","decl":{"start":{"line":43,"column":9},"end":{"line":43,"column":26}},"loc":{"start":{"line":43,"column":43},"end":{"line":70,"column":1}},"line":43},"5":{"name":"(anonymous_5)","decl":{"start":{"line":55,"column":54},"end":{"line":55,"column":55}},"loc":{"start":{"line":55,"column":84},"end":{"line":69,"column":5}},"line":55},"6":{"name":"deleteAssociation","decl":{"start":{"line":73,"column":9},"end":{"line":73,"column":26}},"loc":{"start":{"line":73,"column":52},"end":{"line":88,"column":1}},"line":73},"7":{"name":"(anonymous_7)","decl":{"start":{"line":75,"column":56},"end":{"line":75,"column":57}},"loc":{"start":{"line":75,"column":77},"end":{"line":87,"column":5}},"line":75},"8":{"name":"joinAssociation","decl":{"start":{"line":91,"column":9},"end":{"line":91,"column":24}},"loc":{"start":{"line":91,"column":50},"end":{"line":111,"column":1}},"line":91},"9":{"name":"(anonymous_9)","decl":{"start":{"line":94,"column":60},"end":{"line":94,"column":61}},"loc":{"start":{"line":94,"column":80},"end":{"line":110,"column":5}},"line":94},"10":{"name":"updateAssociation","decl":{"start":{"line":113,"column":9},"end":{"line":113,"column":26}},"loc":{"start":{"line":113,"column":43},"end":{"line":143,"column":1}},"line":113},"11":{"name":"(anonymous_11)","decl":{"start":{"line":134,"column":54},"end":{"line":134,"column":55}},"loc":{"start":{"line":134,"column":69},"end":{"line":142,"column":5}},"line":134}},"branchMap":{"0":{"loc":{"start":{"line":16,"column":8},"end":{"line":23,"column":9}},"type":"if","locations":[{"start":{"line":16,"column":8},"end":{"line":23,"column":9}},{"start":{"line":16,"column":8},"end":{"line":23,"column":9}}],"line":16},"1":{"loc":{"start":{"line":31,"column":8},"end":{"line":38,"column":9}},"type":"if","locations":[{"start":{"line":31,"column":8},"end":{"line":38,"column":9}},{"start":{"line":31,"column":8},"end":{"line":38,"column":9}}],"line":31},"2":{"loc":{"start":{"line":52,"column":15},"end":{"line":52,"column":50}},"type":"cond-expr","locations":[{"start":{"line":52,"column":26},"end":{"line":52,"column":43}},{"start":{"line":52,"column":46},"end":{"line":52,"column":50}}],"line":52},"3":{"loc":{"start":{"line":57,"column":8},"end":{"line":68,"column":9}},"type":"if","locations":[{"start":{"line":57,"column":8},"end":{"line":68,"column":9}},{"start":{"line":57,"column":8},"end":{"line":68,"column":9}}],"line":57},"4":{"loc":{"start":{"line":61,"column":12},"end":{"line":66,"column":13}},"type":"if","locations":[{"start":{"line":61,"column":12},"end":{"line":66,"column":13}},{"start":{"line":61,"column":12},"end":{"line":66,"column":13}}],"line":61},"5":{"loc":{"start":{"line":76,"column":8},"end":{"line":86,"column":9}},"type":"if","locations":[{"start":{"line":76,"column":8},"end":{"line":86,"column":9}},{"start":{"line":76,"column":8},"end":{"line":86,"column":9}}],"line":76},"6":{"loc":{"start":{"line":80,"column":12},"end":{"line":81,"column":88}},"type":"if","locations":[{"start":{"line":80,"column":12},"end":{"line":81,"column":88}},{"start":{"line":80,"column":12},"end":{"line":81,"column":88}}],"line":80},"7":{"loc":{"start":{"line":95,"column":8},"end":{"line":109,"column":9}},"type":"if","locations":[{"start":{"line":95,"column":8},"end":{"line":109,"column":9}},{"start":{"line":95,"column":8},"end":{"line":109,"column":9}}],"line":95},"8":{"loc":{"start":{"line":100,"column":12},"end":{"line":107,"column":13}},"type":"if","locations":[{"start":{"line":100,"column":12},"end":{"line":107,"column":13}},{"start":{"line":100,"column":12},"end":{"line":107,"column":13}}],"line":100},"9":{"loc":{"start":{"line":120,"column":14},"end":{"line":120,"column":77}},"type":"cond-expr","locations":[{"start":{"line":120,"column":37},"end":{"line":120,"column":61}},{"start":{"line":120,"column":64},"end":{"line":120,"column":77}}],"line":120},"10":{"loc":{"start":{"line":121,"column":21},"end":{"line":121,"column":103}},"type":"cond-expr","locations":[{"start":{"line":121,"column":50},"end":{"line":121,"column":81}},{"start":{"line":121,"column":83},"end":{"line":121,"column":103}}],"line":121},"11":{"loc":{"start":{"line":122,"column":22},"end":{"line":122,"column":107}},"type":"cond-expr","locations":[{"start":{"line":122,"column":52},"end":{"line":122,"column":83}},{"start":{"line":122,"column":86},"end":{"line":122,"column":107}}],"line":122},"12":{"loc":{"start":{"line":123,"column":18},"end":{"line":123,"column":91}},"type":"cond-expr","locations":[{"start":{"line":123,"column":43},"end":{"line":123,"column":71}},{"start":{"line":123,"column":74},"end":{"line":123,"column":91}}],"line":123},"13":{"loc":{"start":{"line":124,"column":13},"end":{"line":124,"column":72}},"type":"cond-expr","locations":[{"start":{"line":124,"column":34},"end":{"line":124,"column":57}},{"start":{"line":124,"column":60},"end":{"line":124,"column":72}}],"line":124},"14":{"loc":{"start":{"line":125,"column":15},"end":{"line":125,"column":54}},"type":"cond-expr","locations":[{"start":{"line":125,"column":26},"end":{"line":125,"column":43}},{"start":{"line":125,"column":46},"end":{"line":125,"column":54}}],"line":125},"15":{"loc":{"start":{"line":129,"column":4},"end":{"line":132,"column":5}},"type":"if","locations":[{"start":{"line":129,"column":4},"end":{"line":132,"column":5}},{"start":{"line":129,"column":4},"end":{"line":132,"column":5}}],"line":129},"16":{"loc":{"start":{"line":129,"column":7},"end":{"line":129,"column":53}},"type":"binary-expr","locations":[{"start":{"line":129,"column":7},"end":{"line":129,"column":36}},{"start":{"line":129,"column":40},"end":{"line":129,"column":53}}],"line":129},"17":{"loc":{"start":{"line":135,"column":8},"end":{"line":141,"column":9}},"type":"if","locations":[{"start":{"line":135,"column":8},"end":{"line":141,"column":9}},{"start":{"line":135,"column":8},"end":{"line":141,"column":9}}],"line":135}},"s":{"0":0,"1":0,"2":0,"3":0,"4":0,"5":0,"6":0,"7":0,"8":0,"9":0,"10":0,"11":0,"12":0,"13":0,"14":0,"15":0,"16":0,"17":0,"18":0,"19":0,"20":0,"21":0,"22":0,"23":0,"24":0,"25":0,"26":0,"27":0,"28":0,"29":0,"30":0,"31":0,"32":0,"33":0,"34":0,"35":0,"36":0,"37":0,"38":0,"39":0,"40":0,"41":0,"42":0,"43":0,"44":0,"45":0,"46":0,"47":0,"48":0,"49":0,"50":0,"51":0,"52":0,"53":0},"f":{"0":0,"1":0,"2":0,"3":0,"4":0,"5":0,"6":0,"7":0,"8":0,"9":0,"10":0,"11":0},"b":{"0":[0,0],"1":[0,0],"2":[0,0],"3":[0,0],"4":[0,0],"5":[0,0],"6":[0,0],"7":[0,0],"8":[0,0],"9":[0,0],"10":[0,0],"11":[0,0],"12":[0,0],"13":[0,0],"14":[0,0],"15":[0,0],"16":[0,0],"17":[0,0]},"all":true},"d:\\GitHub\\fdi-helper\\controllers\\ControllerForum.js":{"path":"d:\\GitHub\\fdi-helper\\controllers\\ControllerForum.js","statementMap":{"0":{"start":{"line":3,"column":14},"end":{"line":3,"column":30}},"1":{"start":{"line":4,"column":15},"end":{"line":4,"column":41}},"2":{"start":{"line":5,"column":13},"end":{"line":5,"column":49}},"3":{"start":{"line":8,"column":19},"end":{"line":8,"column":48}},"4":{"start":{"line":9,"column":18},"end":{"line":9,"column":38}},"5":{"start":{"line":10,"column":20},"end":{"line":10,"column":51}},"6":{"start":{"line":11,"column":19},"end":{"line":11,"column":40}},"7":{"start":{"line":15,"column":4},"end":{"line":23,"column":7}},"8":{"start":{"line":16,"column":8},"end":{"line":22,"column":9}},"9":{"start":{"line":17,"column":12},"end":{"line":17,"column":22}},"10":{"start":{"line":19,"column":12},"end":{"line":19,"column":33}},"11":{"start":{"line":21,"column":12},"end":{"line":21,"column":40}},"12":{"start":{"line":28,"column":4},"end":{"line":28,"column":25}},"13":{"start":{"line":30,"column":4},"end":{"line":30,"column":35}},"14":{"start":{"line":35,"column":4},"end":{"line":43,"column":7}},"15":{"start":{"line":36,"column":8},"end":{"line":42,"column":9}},"16":{"start":{"line":37,"column":12},"end":{"line":37,"column":22}},"17":{"start":{"line":39,"column":12},"end":{"line":39,"column":33}},"18":{"start":{"line":41,"column":12},"end":{"line":41,"column":40}},"19":{"start":{"line":48,"column":4},"end":{"line":57,"column":7}},"20":{"start":{"line":49,"column":8},"end":{"line":56,"column":9}},"21":{"start":{"line":50,"column":12},"end":{"line":50,"column":22}},"22":{"start":{"line":53,"column":12},"end":{"line":53,"column":28}},"23":{"start":{"line":55,"column":12},"end":{"line":55,"column":57}},"24":{"start":{"line":62,"column":4},"end":{"line":78,"column":7}},"25":{"start":{"line":63,"column":8},"end":{"line":77,"column":9}},"26":{"start":{"line":64,"column":12},"end":{"line":64,"column":22}},"27":{"start":{"line":67,"column":12},"end":{"line":76,"column":15}},"28":{"start":{"line":68,"column":16},"end":{"line":75,"column":17}},"29":{"start":{"line":69,"column":20},"end":{"line":69,"column":30}},"30":{"start":{"line":72,"column":20},"end":{"line":72,"column":36}},"31":{"start":{"line":74,"column":20},"end":{"line":74,"column":76}},"32":{"start":{"line":83,"column":4},"end":{"line":92,"column":7}},"33":{"start":{"line":84,"column":8},"end":{"line":91,"column":9}},"34":{"start":{"line":85,"column":12},"end":{"line":85,"column":22}},"35":{"start":{"line":88,"column":12},"end":{"line":88,"column":28}},"36":{"start":{"line":90,"column":12},"end":{"line":90,"column":35}},"37":{"start":{"line":97,"column":19},"end":{"line":97,"column":36}},"38":{"start":{"line":98,"column":4},"end":{"line":107,"column":7}},"39":{"start":{"line":99,"column":8},"end":{"line":106,"column":9}},"40":{"start":{"line":100,"column":12},"end":{"line":100,"column":22}},"41":{"start":{"line":103,"column":12},"end":{"line":103,"column":28}},"42":{"start":{"line":105,"column":12},"end":{"line":105,"column":35}},"43":{"start":{"line":112,"column":16},"end":{"line":118,"column":5}},"44":{"start":{"line":120,"column":4},"end":{"line":129,"column":6}},"45":{"start":{"line":121,"column":8},"end":{"line":128,"column":9}},"46":{"start":{"line":122,"column":12},"end":{"line":122,"column":21}},"47":{"start":{"line":125,"column":12},"end":{"line":125,"column":28}},"48":{"start":{"line":127,"column":12},"end":{"line":127,"column":35}},"49":{"start":{"line":133,"column":0},"end":{"line":142,"column":2}}},"fnMap":{"0":{"name":"createTopic","decl":{"start":{"line":14,"column":9},"end":{"line":14,"column":20}},"loc":{"start":{"line":14,"column":46},"end":{"line":24,"column":1}},"line":14},"1":{"name":"(anonymous_1)","decl":{"start":{"line":15,"column":37},"end":{"line":15,"column":38}},"loc":{"start":{"line":15,"column":58},"end":{"line":23,"column":5}},"line":15},"2":{"name":"newTopic","decl":{"start":{"line":27,"column":9},"end":{"line":27,"column":17}},"loc":{"start":{"line":27,"column":43},"end":{"line":31,"column":1}},"line":27},"3":{"name":"deleteTopic","decl":{"start":{"line":34,"column":9},"end":{"line":34,"column":20}},"loc":{"start":{"line":34,"column":46},"end":{"line":44,"column":1}},"line":34},"4":{"name":"(anonymous_4)","decl":{"start":{"line":35,"column":37},"end":{"line":35,"column":38}},"loc":{"start":{"line":35,"column":58},"end":{"line":43,"column":5}},"line":35},"5":{"name":"listTopics","decl":{"start":{"line":47,"column":9},"end":{"line":47,"column":19}},"loc":{"start":{"line":47,"column":36},"end":{"line":58,"column":1}},"line":47},"6":{"name":"(anonymous_6)","decl":{"start":{"line":48,"column":26},"end":{"line":48,"column":27}},"loc":{"start":{"line":48,"column":49},"end":{"line":57,"column":5}},"line":48},"7":{"name":"topicInfo","decl":{"start":{"line":61,"column":9},"end":{"line":61,"column":18}},"loc":{"start":{"line":61,"column":35},"end":{"line":79,"column":1}},"line":61},"8":{"name":"(anonymous_8)","decl":{"start":{"line":62,"column":47},"end":{"line":62,"column":48}},"loc":{"start":{"line":62,"column":69},"end":{"line":78,"column":5}},"line":62},"9":{"name":"(anonymous_9)","decl":{"start":{"line":67,"column":54},"end":{"line":67,"column":55}},"loc":{"start":{"line":67,"column":78},"end":{"line":76,"column":13}},"line":67},"10":{"name":"answerTopic","decl":{"start":{"line":82,"column":9},"end":{"line":82,"column":20}},"loc":{"start":{"line":82,"column":37},"end":{"line":93,"column":1}},"line":82},"11":{"name":"(anonymous_11)","decl":{"start":{"line":83,"column":33},"end":{"line":83,"column":34}},"loc":{"start":{"line":83,"column":56},"end":{"line":92,"column":5}},"line":83},"12":{"name":"deleteAnswer","decl":{"start":{"line":96,"column":9},"end":{"line":96,"column":21}},"loc":{"start":{"line":96,"column":38},"end":{"line":108,"column":1}},"line":96},"13":{"name":"(anonymous_13)","decl":{"start":{"line":98,"column":36},"end":{"line":98,"column":37}},"loc":{"start":{"line":98,"column":51},"end":{"line":107,"column":5}},"line":98},"14":{"name":"updateTopic","decl":{"start":{"line":111,"column":9},"end":{"line":111,"column":20}},"loc":{"start":{"line":111,"column":37},"end":{"line":130,"column":1}},"line":111},"15":{"name":"(anonymous_15)","decl":{"start":{"line":120,"column":35},"end":{"line":120,"column":36}},"loc":{"start":{"line":120,"column":50},"end":{"line":129,"column":5}},"line":120}},"branchMap":{"0":{"loc":{"start":{"line":16,"column":8},"end":{"line":22,"column":9}},"type":"if","locations":[{"start":{"line":16,"column":8},"end":{"line":22,"column":9}},{"start":{"line":16,"column":8},"end":{"line":22,"column":9}}],"line":16},"1":{"loc":{"start":{"line":36,"column":8},"end":{"line":42,"column":9}},"type":"if","locations":[{"start":{"line":36,"column":8},"end":{"line":42,"column":9}},{"start":{"line":36,"column":8},"end":{"line":42,"column":9}}],"line":36},"2":{"loc":{"start":{"line":49,"column":8},"end":{"line":56,"column":9}},"type":"if","locations":[{"start":{"line":49,"column":8},"end":{"line":56,"column":9}},{"start":{"line":49,"column":8},"end":{"line":56,"column":9}}],"line":49},"3":{"loc":{"start":{"line":63,"column":8},"end":{"line":77,"column":9}},"type":"if","locations":[{"start":{"line":63,"column":8},"end":{"line":77,"column":9}},{"start":{"line":63,"column":8},"end":{"line":77,"column":9}}],"line":63},"4":{"loc":{"start":{"line":68,"column":16},"end":{"line":75,"column":17}},"type":"if","locations":[{"start":{"line":68,"column":16},"end":{"line":75,"column":17}},{"start":{"line":68,"column":16},"end":{"line":75,"column":17}}],"line":68},"5":{"loc":{"start":{"line":84,"column":8},"end":{"line":91,"column":9}},"type":"if","locations":[{"start":{"line":84,"column":8},"end":{"line":91,"column":9}},{"start":{"line":84,"column":8},"end":{"line":91,"column":9}}],"line":84},"6":{"loc":{"start":{"line":99,"column":8},"end":{"line":106,"column":9}},"type":"if","locations":[{"start":{"line":99,"column":8},"end":{"line":106,"column":9}},{"start":{"line":99,"column":8},"end":{"line":106,"column":9}}],"line":99},"7":{"loc":{"start":{"line":121,"column":8},"end":{"line":128,"column":9}},"type":"if","locations":[{"start":{"line":121,"column":8},"end":{"line":128,"column":9}},{"start":{"line":121,"column":8},"end":{"line":128,"column":9}}],"line":121}},"s":{"0":0,"1":0,"2":0,"3":0,"4":0,"5":0,"6":0,"7":0,"8":0,"9":0,"10":0,"11":0,"12":0,"13":0,"14":0,"15":0,"16":0,"17":0,"18":0,"19":0,"20":0,"21":0,"22":0,"23":0,"24":0,"25":0,"26":0,"27":0,"28":0,"29":0,"30":0,"31":0,"32":0,"33":0,"34":0,"35":0,"36":0,"37":0,"38":0,"39":0,"40":0,"41":0,"42":0,"43":0,"44":0,"45":0,"46":0,"47":0,"48":0,"49":0},"f":{"0":0,"1":0,"2":0,"3":0,"4":0,"5":0,"6":0,"7":0,"8":0,"9":0,"10":0,"11":0,"12":0,"13":0,"14":0,"15":0},"b":{"0":[0,0],"1":[0,0],"2":[0,0],"3":[0,0],"4":[0,0],"5":[0,0],"6":[0,0],"7":[0,0]},"all":true},"d:\\GitHub\\fdi-helper\\controllers\\ControllerMeetings.js":{"path":"d:\\GitHub\\fdi-helper\\controllers\\ControllerMeetings.js","statementMap":{"0":{"start":{"line":3,"column":14},"end":{"line":3,"column":30}},"1":{"start":{"line":4,"column":15},"end":{"line":4,"column":41}},"2":{"start":{"line":5,"column":13},"end":{"line":5,"column":49}},"3":{"start":{"line":8,"column":21},"end":{"line":8,"column":53}},"4":{"start":{"line":9,"column":20},"end":{"line":9,"column":43}},"5":{"start":{"line":13,"column":4},"end":{"line":21,"column":7}},"6":{"start":{"line":14,"column":8},"end":{"line":20,"column":9}},"7":{"start":{"line":15,"column":12},"end":{"line":15,"column":22}},"8":{"start":{"line":17,"column":12},"end":{"line":17,"column":33}},"9":{"start":{"line":19,"column":12},"end":{"line":19,"column":43}},"10":{"start":{"line":26,"column":4},"end":{"line":34,"column":7}},"11":{"start":{"line":27,"column":8},"end":{"line":33,"column":9}},"12":{"start":{"line":28,"column":12},"end":{"line":28,"column":22}},"13":{"start":{"line":30,"column":12},"end":{"line":30,"column":33}},"14":{"start":{"line":32,"column":12},"end":{"line":32,"column":72}},"15":{"start":{"line":39,"column":4},"end":{"line":56,"column":7}},"16":{"start":{"line":40,"column":8},"end":{"line":55,"column":9}},"17":{"start":{"line":41,"column":12},"end":{"line":41,"column":22}},"18":{"start":{"line":43,"column":12},"end":{"line":54,"column":15}},"19":{"start":{"line":44,"column":16},"end":{"line":53,"column":17}},"20":{"start":{"line":45,"column":20},"end":{"line":45,"column":30}},"21":{"start":{"line":48,"column":20},"end":{"line":48,"column":36}},"22":{"start":{"line":50,"column":20},"end":{"line":50,"column":44}},"23":{"start":{"line":51,"column":20},"end":{"line":51,"column":51}},"24":{"start":{"line":52,"column":20},"end":{"line":52,"column":72}},"25":{"start":{"line":61,"column":27},"end":{"line":61,"column":78}},"26":{"start":{"line":62,"column":4},"end":{"line":62,"column":34}},"27":{"start":{"line":63,"column":16},"end":{"line":71,"column":5}},"28":{"start":{"line":73,"column":4},"end":{"line":82,"column":6}},"29":{"start":{"line":75,"column":8},"end":{"line":81,"column":9}},"30":{"start":{"line":76,"column":12},"end":{"line":76,"column":22}},"31":{"start":{"line":78,"column":12},"end":{"line":78,"column":28}},"32":{"start":{"line":80,"column":12},"end":{"line":80,"column":38}},"33":{"start":{"line":87,"column":27},"end":{"line":87,"column":78}},"34":{"start":{"line":89,"column":16},"end":{"line":98,"column":5}},"35":{"start":{"line":100,"column":4},"end":{"line":108,"column":6}},"36":{"start":{"line":101,"column":8},"end":{"line":107,"column":9}},"37":{"start":{"line":102,"column":12},"end":{"line":102,"column":22}},"38":{"start":{"line":104,"column":12},"end":{"line":104,"column":28}},"39":{"start":{"line":106,"column":12},"end":{"line":106,"column":38}},"40":{"start":{"line":113,"column":20},"end":{"line":113,"column":31}},"41":{"start":{"line":114,"column":15},"end":{"line":114,"column":38}},"42":{"start":{"line":116,"column":4},"end":{"line":132,"column":6}},"43":{"start":{"line":117,"column":8},"end":{"line":131,"column":9}},"44":{"start":{"line":118,"column":12},"end":{"line":118,"column":22}},"45":{"start":{"line":120,"column":12},"end":{"line":127,"column":13}},"46":{"start":{"line":122,"column":16},"end":{"line":122,"column":40}},"47":{"start":{"line":126,"column":16},"end":{"line":126,"column":81}},"48":{"start":{"line":129,"column":12},"end":{"line":129,"column":28}},"49":{"start":{"line":130,"column":12},"end":{"line":130,"column":38}},"50":{"start":{"line":137,"column":20},"end":{"line":137,"column":31}},"51":{"start":{"line":138,"column":20},"end":{"line":138,"column":53}},"52":{"start":{"line":140,"column":4},"end":{"line":148,"column":6}},"53":{"start":{"line":141,"column":8},"end":{"line":147,"column":9}},"54":{"start":{"line":142,"column":12},"end":{"line":142,"column":22}},"55":{"start":{"line":144,"column":12},"end":{"line":144,"column":28}},"56":{"start":{"line":146,"column":12},"end":{"line":146,"column":38}},"57":{"start":{"line":152,"column":0},"end":{"line":160,"column":2}}},"fnMap":{"0":{"name":"deleteMeeting","decl":{"start":{"line":12,"column":9},"end":{"line":12,"column":22}},"loc":{"start":{"line":12,"column":48},"end":{"line":22,"column":1}},"line":12},"1":{"name":"(anonymous_1)","decl":{"start":{"line":13,"column":40},"end":{"line":13,"column":41}},"loc":{"start":{"line":13,"column":55},"end":{"line":21,"column":5}},"line":13},"2":{"name":"listMeetings","decl":{"start":{"line":25,"column":9},"end":{"line":25,"column":21}},"loc":{"start":{"line":25,"column":47},"end":{"line":35,"column":1}},"line":25},"3":{"name":"(anonymous_3)","decl":{"start":{"line":26,"column":31},"end":{"line":26,"column":32}},"loc":{"start":{"line":26,"column":60},"end":{"line":34,"column":5}},"line":26},"4":{"name":"meetingInfo","decl":{"start":{"line":38,"column":9},"end":{"line":38,"column":20}},"loc":{"start":{"line":38,"column":37},"end":{"line":57,"column":1}},"line":38},"5":{"name":"(anonymous_5)","decl":{"start":{"line":39,"column":54},"end":{"line":39,"column":55}},"loc":{"start":{"line":39,"column":82},"end":{"line":56,"column":5}},"line":39},"6":{"name":"(anonymous_6)","decl":{"start":{"line":43,"column":60},"end":{"line":43,"column":61}},"loc":{"start":{"line":43,"column":81},"end":{"line":54,"column":13}},"line":43},"7":{"name":"createMeeting","decl":{"start":{"line":60,"column":9},"end":{"line":60,"column":22}},"loc":{"start":{"line":60,"column":39},"end":{"line":83,"column":1}},"line":60},"8":{"name":"(anonymous_8)","decl":{"start":{"line":73,"column":42},"end":{"line":73,"column":43}},"loc":{"start":{"line":73,"column":55},"end":{"line":82,"column":5}},"line":73},"9":{"name":"updateMeeting","decl":{"start":{"line":86,"column":9},"end":{"line":86,"column":22}},"loc":{"start":{"line":86,"column":39},"end":{"line":109,"column":1}},"line":86},"10":{"name":"(anonymous_10)","decl":{"start":{"line":100,"column":42},"end":{"line":100,"column":43}},"loc":{"start":{"line":100,"column":55},"end":{"line":108,"column":5}},"line":100},"11":{"name":"joinMeeting","decl":{"start":{"line":112,"column":9},"end":{"line":112,"column":20}},"loc":{"start":{"line":112,"column":37},"end":{"line":133,"column":1}},"line":112},"12":{"name":"(anonymous_12)","decl":{"start":{"line":116,"column":48},"end":{"line":116,"column":49}},"loc":{"start":{"line":116,"column":69},"end":{"line":132,"column":5}},"line":116},"13":{"name":"unjoinMeeting","decl":{"start":{"line":136,"column":9},"end":{"line":136,"column":22}},"loc":{"start":{"line":136,"column":39},"end":{"line":149,"column":1}},"line":136},"14":{"name":"(anonymous_14)","decl":{"start":{"line":140,"column":55},"end":{"line":140,"column":56}},"loc":{"start":{"line":140,"column":68},"end":{"line":148,"column":5}},"line":140}},"branchMap":{"0":{"loc":{"start":{"line":14,"column":8},"end":{"line":20,"column":9}},"type":"if","locations":[{"start":{"line":14,"column":8},"end":{"line":20,"column":9}},{"start":{"line":14,"column":8},"end":{"line":20,"column":9}}],"line":14},"1":{"loc":{"start":{"line":27,"column":8},"end":{"line":33,"column":9}},"type":"if","locations":[{"start":{"line":27,"column":8},"end":{"line":33,"column":9}},{"start":{"line":27,"column":8},"end":{"line":33,"column":9}}],"line":27},"2":{"loc":{"start":{"line":40,"column":8},"end":{"line":55,"column":9}},"type":"if","locations":[{"start":{"line":40,"column":8},"end":{"line":55,"column":9}},{"start":{"line":40,"column":8},"end":{"line":55,"column":9}}],"line":40},"3":{"loc":{"start":{"line":44,"column":16},"end":{"line":53,"column":17}},"type":"if","locations":[{"start":{"line":44,"column":16},"end":{"line":53,"column":17}},{"start":{"line":44,"column":16},"end":{"line":53,"column":17}}],"line":44},"4":{"loc":{"start":{"line":75,"column":8},"end":{"line":81,"column":9}},"type":"if","locations":[{"start":{"line":75,"column":8},"end":{"line":81,"column":9}},{"start":{"line":75,"column":8},"end":{"line":81,"column":9}}],"line":75},"5":{"loc":{"start":{"line":101,"column":8},"end":{"line":107,"column":9}},"type":"if","locations":[{"start":{"line":101,"column":8},"end":{"line":107,"column":9}},{"start":{"line":101,"column":8},"end":{"line":107,"column":9}}],"line":101},"6":{"loc":{"start":{"line":117,"column":8},"end":{"line":131,"column":9}},"type":"if","locations":[{"start":{"line":117,"column":8},"end":{"line":131,"column":9}},{"start":{"line":117,"column":8},"end":{"line":131,"column":9}}],"line":117},"7":{"loc":{"start":{"line":120,"column":12},"end":{"line":127,"column":13}},"type":"if","locations":[{"start":{"line":120,"column":12},"end":{"line":127,"column":13}},{"start":{"line":120,"column":12},"end":{"line":127,"column":13}}],"line":120},"8":{"loc":{"start":{"line":141,"column":8},"end":{"line":147,"column":9}},"type":"if","locations":[{"start":{"line":141,"column":8},"end":{"line":147,"column":9}},{"start":{"line":141,"column":8},"end":{"line":147,"column":9}}],"line":141}},"s":{"0":0,"1":0,"2":0,"3":0,"4":0,"5":0,"6":0,"7":0,"8":0,"9":0,"10":0,"11":0,"12":0,"13":0,"14":0,"15":0,"16":0,"17":0,"18":0,"19":0,"20":0,"21":0,"22":0,"23":0,"24":0,"25":0,"26":0,"27":0,"28":0,"29":0,"30":0,"31":0,"32":0,"33":0,"34":0,"35":0,"36":0,"37":0,"38":0,"39":0,"40":0,"41":0,"42":0,"43":0,"44":0,"45":0,"46":0,"47":0,"48":0,"49":0,"50":0,"51":0,"52":0,"53":0,"54":0,"55":0,"56":0,"57":0},"f":{"0":0,"1":0,"2":0,"3":0,"4":0,"5":0,"6":0,"7":0,"8":0,"9":0,"10":0,"11":0,"12":0,"13":0,"14":0},"b":{"0":[0,0],"1":[0,0],"2":[0,0],"3":[0,0],"4":[0,0],"5":[0,0],"6":[0,0],"7":[0,0],"8":[0,0]},"all":true},"d:\\GitHub\\fdi-helper\\controllers\\ControllerUsers.js":{"path":"d:\\GitHub\\fdi-helper\\controllers\\ControllerUsers.js","statementMap":{"0":{"start":{"line":3,"column":14},"end":{"line":3,"column":30}},"1":{"start":{"line":4,"column":15},"end":{"line":4,"column":41}},"2":{"start":{"line":5,"column":13},"end":{"line":5,"column":49}},"3":{"start":{"line":8,"column":16},"end":{"line":8,"column":42}},"4":{"start":{"line":10,"column":15},"end":{"line":10,"column":32}},"5":{"start":{"line":12,"column":19},"end":{"line":12,"column":48}},"6":{"start":{"line":13,"column":18},"end":{"line":13,"column":38}},"7":{"start":{"line":18,"column":16},"end":{"line":18,"column":30}},"8":{"start":{"line":19,"column":4},"end":{"line":43,"column":6}},"9":{"start":{"line":20,"column":8},"end":{"line":42,"column":9}},"10":{"start":{"line":21,"column":12},"end":{"line":21,"column":21}},"11":{"start":{"line":23,"column":13},"end":{"line":42,"column":9}},"12":{"start":{"line":24,"column":29},"end":{"line":24,"column":46}},"13":{"start":{"line":25,"column":12},"end":{"line":37,"column":14}},"14":{"start":{"line":26,"column":16},"end":{"line":36,"column":17}},"15":{"start":{"line":28,"column":20},"end":{"line":28,"column":60}},"16":{"start":{"line":29,"column":20},"end":{"line":29,"column":55}},"17":{"start":{"line":30,"column":20},"end":{"line":30,"column":63}},"18":{"start":{"line":31,"column":20},"end":{"line":31,"column":42}},"19":{"start":{"line":35,"column":20},"end":{"line":35,"column":37}},"20":{"start":{"line":41,"column":12},"end":{"line":41,"column":29}},"21":{"start":{"line":49,"column":4},"end":{"line":49,"column":26}},"22":{"start":{"line":51,"column":4},"end":{"line":51,"column":22}},"23":{"start":{"line":56,"column":20},"end":{"line":63,"column":5}},"24":{"start":{"line":65,"column":4},"end":{"line":72,"column":6}},"25":{"start":{"line":66,"column":8},"end":{"line":71,"column":9}},"26":{"start":{"line":67,"column":12},"end":{"line":67,"column":21}},"27":{"start":{"line":70,"column":12},"end":{"line":70,"column":29}},"28":{"start":{"line":79,"column":22},"end":{"line":79,"column":39}},"29":{"start":{"line":81,"column":4},"end":{"line":116,"column":5}},"30":{"start":{"line":82,"column":20},"end":{"line":82,"column":40}},"31":{"start":{"line":83,"column":8},"end":{"line":112,"column":10}},"32":{"start":{"line":84,"column":12},"end":{"line":111,"column":13}},"33":{"start":{"line":85,"column":16},"end":{"line":85,"column":25}},"34":{"start":{"line":88,"column":16},"end":{"line":110,"column":18}},"35":{"start":{"line":89,"column":20},"end":{"line":109,"column":21}},"36":{"start":{"line":91,"column":44},"end":{"line":95,"column":25}},"37":{"start":{"line":96,"column":24},"end":{"line":104,"column":26}},"38":{"start":{"line":98,"column":28},"end":{"line":103,"column":29}},"39":{"start":{"line":99,"column":32},"end":{"line":99,"column":41}},"40":{"start":{"line":102,"column":32},"end":{"line":102,"column":49}},"41":{"start":{"line":108,"column":24},"end":{"line":108,"column":41}},"42":{"start":{"line":115,"column":8},"end":{"line":115,"column":25}},"43":{"start":{"line":122,"column":16},"end":{"line":122,"column":36}},"44":{"start":{"line":123,"column":4},"end":{"line":141,"column":6}},"45":{"start":{"line":124,"column":8},"end":{"line":140,"column":9}},"46":{"start":{"line":125,"column":12},"end":{"line":125,"column":21}},"47":{"start":{"line":129,"column":30},"end":{"line":129,"column":53}},"48":{"start":{"line":130,"column":12},"end":{"line":139,"column":14}},"49":{"start":{"line":131,"column":16},"end":{"line":138,"column":17}},"50":{"start":{"line":132,"column":20},"end":{"line":132,"column":29}},"51":{"start":{"line":136,"column":20},"end":{"line":136,"column":53}},"52":{"start":{"line":137,"column":20},"end":{"line":137,"column":57}},"53":{"start":{"line":145,"column":0},"end":{"line":151,"column":2}}},"fnMap":{"0":{"name":"login","decl":{"start":{"line":16,"column":9},"end":{"line":16,"column":14}},"loc":{"start":{"line":16,"column":31},"end":{"line":44,"column":1}},"line":16},"1":{"name":"(anonymous_1)","decl":{"start":{"line":19,"column":42},"end":{"line":19,"column":43}},"loc":{"start":{"line":19,"column":67},"end":{"line":43,"column":5}},"line":19},"2":{"name":"(anonymous_2)","decl":{"start":{"line":25,"column":50},"end":{"line":25,"column":51}},"loc":{"start":{"line":25,"column":73},"end":{"line":37,"column":13}},"line":25},"3":{"name":"logout","decl":{"start":{"line":47,"column":9},"end":{"line":47,"column":15}},"loc":{"start":{"line":47,"column":32},"end":{"line":52,"column":1}},"line":47},"4":{"name":"signup","decl":{"start":{"line":55,"column":9},"end":{"line":55,"column":15}},"loc":{"start":{"line":55,"column":32},"end":{"line":73,"column":1}},"line":55},"5":{"name":"(anonymous_5)","decl":{"start":{"line":65,"column":34},"end":{"line":65,"column":35}},"loc":{"start":{"line":65,"column":56},"end":{"line":72,"column":5}},"line":65},"6":{"name":"updateUser","decl":{"start":{"line":76,"column":9},"end":{"line":76,"column":19}},"loc":{"start":{"line":76,"column":36},"end":{"line":117,"column":1}},"line":76},"7":{"name":"(anonymous_7)","decl":{"start":{"line":83,"column":46},"end":{"line":83,"column":47}},"loc":{"start":{"line":83,"column":71},"end":{"line":112,"column":9}},"line":83},"8":{"name":"(anonymous_8)","decl":{"start":{"line":88,"column":54},"end":{"line":88,"column":55}},"loc":{"start":{"line":88,"column":77},"end":{"line":110,"column":17}},"line":88},"9":{"name":"(anonymous_9)","decl":{"start":{"line":96,"column":69},"end":{"line":96,"column":70}},"loc":{"start":{"line":96,"column":92},"end":{"line":104,"column":25}},"line":96},"10":{"name":"profileInfo","decl":{"start":{"line":120,"column":9},"end":{"line":120,"column":20}},"loc":{"start":{"line":120,"column":37},"end":{"line":142,"column":1}},"line":120},"11":{"name":"(anonymous_11)","decl":{"start":{"line":123,"column":38},"end":{"line":123,"column":39}},"loc":{"start":{"line":123,"column":59},"end":{"line":141,"column":5}},"line":123},"12":{"name":"(anonymous_12)","decl":{"start":{"line":130,"column":53},"end":{"line":130,"column":54}},"loc":{"start":{"line":130,"column":80},"end":{"line":139,"column":13}},"line":130}},"branchMap":{"0":{"loc":{"start":{"line":20,"column":8},"end":{"line":42,"column":9}},"type":"if","locations":[{"start":{"line":20,"column":8},"end":{"line":42,"column":9}},{"start":{"line":20,"column":8},"end":{"line":42,"column":9}}],"line":20},"1":{"loc":{"start":{"line":23,"column":13},"end":{"line":42,"column":9}},"type":"if","locations":[{"start":{"line":23,"column":13},"end":{"line":42,"column":9}},{"start":{"line":23,"column":13},"end":{"line":42,"column":9}}],"line":23},"2":{"loc":{"start":{"line":26,"column":16},"end":{"line":36,"column":17}},"type":"if","locations":[{"start":{"line":26,"column":16},"end":{"line":36,"column":17}},{"start":{"line":26,"column":16},"end":{"line":36,"column":17}}],"line":26},"3":{"loc":{"start":{"line":60,"column":20},"end":{"line":60,"column":56}},"type":"cond-expr","locations":[{"start":{"line":60,"column":51},"end":{"line":60,"column":52}},{"start":{"line":60,"column":55},"end":{"line":60,"column":56}}],"line":60},"4":{"loc":{"start":{"line":62,"column":16},"end":{"line":62,"column":51}},"type":"cond-expr","locations":[{"start":{"line":62,"column":27},"end":{"line":62,"column":44}},{"start":{"line":62,"column":47},"end":{"line":62,"column":51}}],"line":62},"5":{"loc":{"start":{"line":66,"column":8},"end":{"line":71,"column":9}},"type":"if","locations":[{"start":{"line":66,"column":8},"end":{"line":71,"column":9}},{"start":{"line":66,"column":8},"end":{"line":71,"column":9}}],"line":66},"6":{"loc":{"start":{"line":81,"column":4},"end":{"line":116,"column":5}},"type":"if","locations":[{"start":{"line":81,"column":4},"end":{"line":116,"column":5}},{"start":{"line":81,"column":4},"end":{"line":116,"column":5}}],"line":81},"7":{"loc":{"start":{"line":84,"column":12},"end":{"line":111,"column":13}},"type":"if","locations":[{"start":{"line":84,"column":12},"end":{"line":111,"column":13}},{"start":{"line":84,"column":12},"end":{"line":111,"column":13}}],"line":84},"8":{"loc":{"start":{"line":89,"column":20},"end":{"line":109,"column":21}},"type":"if","locations":[{"start":{"line":89,"column":20},"end":{"line":109,"column":21}},{"start":{"line":89,"column":20},"end":{"line":109,"column":21}}],"line":89},"9":{"loc":{"start":{"line":94,"column":36},"end":{"line":94,"column":71}},"type":"cond-expr","locations":[{"start":{"line":94,"column":47},"end":{"line":94,"column":64}},{"start":{"line":94,"column":67},"end":{"line":94,"column":71}}],"line":94},"10":{"loc":{"start":{"line":98,"column":28},"end":{"line":103,"column":29}},"type":"if","locations":[{"start":{"line":98,"column":28},"end":{"line":103,"column":29}},{"start":{"line":98,"column":28},"end":{"line":103,"column":29}}],"line":98},"11":{"loc":{"start":{"line":124,"column":8},"end":{"line":140,"column":9}},"type":"if","locations":[{"start":{"line":124,"column":8},"end":{"line":140,"column":9}},{"start":{"line":124,"column":8},"end":{"line":140,"column":9}}],"line":124},"12":{"loc":{"start":{"line":131,"column":16},"end":{"line":138,"column":17}},"type":"if","locations":[{"start":{"line":131,"column":16},"end":{"line":138,"column":17}},{"start":{"line":131,"column":16},"end":{"line":138,"column":17}}],"line":131}},"s":{"0":0,"1":0,"2":0,"3":0,"4":0,"5":0,"6":0,"7":0,"8":0,"9":0,"10":0,"11":0,"12":0,"13":0,"14":0,"15":0,"16":0,"17":0,"18":0,"19":0,"20":0,"21":0,"22":0,"23":0,"24":0,"25":0,"26":0,"27":0,"28":0,"29":0,"30":0,"31":0,"32":0,"33":0,"34":0,"35":0,"36":0,"37":0,"38":0,"39":0,"40":0,"41":0,"42":0,"43":0,"44":0,"45":0,"46":0,"47":0,"48":0,"49":0,"50":0,"51":0,"52":0,"53":0},"f":{"0":0,"1":0,"2":0,"3":0,"4":0,"5":0,"6":0,"7":0,"8":0,"9":0,"10":0,"11":0,"12":0},"b":{"0":[0,0],"1":[0,0],"2":[0,0],"3":[0,0],"4":[0,0],"5":[0,0],"6":[0,0],"7":[0,0],"8":[0,0],"9":[0,0],"10":[0,0],"11":[0,0],"12":[0,0]},"all":true},"d:\\GitHub\\fdi-helper\\models\\DAOAnswers.js":{"path":"d:\\GitHub\\fdi-helper\\models\\DAOAnswers.js","statementMap":{"0":{"start":{"line":5,"column":8},"end":{"line":5,"column":25}},"1":{"start":{"line":9,"column":8},"end":{"line":57,"column":11}},"2":{"start":{"line":10,"column":12},"end":{"line":56,"column":13}},"3":{"start":{"line":12,"column":16},"end":{"line":12,"column":76}},"4":{"start":{"line":16,"column":16},"end":{"line":55,"column":18}},"5":{"start":{"line":20,"column":24},"end":{"line":52,"column":25}},"6":{"start":{"line":22,"column":28},"end":{"line":22,"column":92}},"7":{"start":{"line":26,"column":42},"end":{"line":26,"column":44}},"8":{"start":{"line":29,"column":28},"end":{"line":49,"column":29}},"9":{"start":{"line":31,"column":32},"end":{"line":48,"column":33}},"10":{"start":{"line":32,"column":48},"end":{"line":32,"column":49}},"11":{"start":{"line":34,"column":36},"end":{"line":38,"column":37}},"12":{"start":{"line":35,"column":40},"end":{"line":35,"column":76}},"13":{"start":{"line":37,"column":40},"end":{"line":37,"column":72}},"14":{"start":{"line":40,"column":36},"end":{"line":46,"column":37}},"15":{"start":{"line":47,"column":36},"end":{"line":47,"column":57}},"16":{"start":{"line":51,"column":28},"end":{"line":51,"column":52}},"17":{"start":{"line":53,"column":24},"end":{"line":53,"column":45}},"18":{"start":{"line":60,"column":0},"end":{"line":60,"column":28}}},"fnMap":{"0":{"name":"(anonymous_0)","decl":{"start":{"line":4,"column":4},"end":{"line":4,"column":5}},"loc":{"start":{"line":4,"column":22},"end":{"line":6,"column":5}},"line":4},"1":{"name":"(anonymous_1)","decl":{"start":{"line":8,"column":4},"end":{"line":8,"column":5}},"loc":{"start":{"line":8,"column":34},"end":{"line":58,"column":5}},"line":8},"2":{"name":"(anonymous_2)","decl":{"start":{"line":9,"column":32},"end":{"line":9,"column":33}},"loc":{"start":{"line":9,"column":57},"end":{"line":57,"column":9}},"line":9},"3":{"name":"(anonymous_3)","decl":{"start":{"line":19,"column":20},"end":{"line":19,"column":21}},"loc":{"start":{"line":19,"column":42},"end":{"line":54,"column":21}},"line":19}},"branchMap":{"0":{"loc":{"start":{"line":10,"column":12},"end":{"line":56,"column":13}},"type":"if","locations":[{"start":{"line":10,"column":12},"end":{"line":56,"column":13}},{"start":{"line":10,"column":12},"end":{"line":56,"column":13}}],"line":10},"1":{"loc":{"start":{"line":20,"column":24},"end":{"line":52,"column":25}},"type":"if","locations":[{"start":{"line":20,"column":24},"end":{"line":52,"column":25}},{"start":{"line":20,"column":24},"end":{"line":52,"column":25}}],"line":20},"2":{"loc":{"start":{"line":29,"column":28},"end":{"line":49,"column":29}},"type":"if","locations":[{"start":{"line":29,"column":28},"end":{"line":49,"column":29}},{"start":{"line":29,"column":28},"end":{"line":49,"column":29}}],"line":29},"3":{"loc":{"start":{"line":34,"column":36},"end":{"line":38,"column":37}},"type":"if","locations":[{"start":{"line":34,"column":36},"end":{"line":38,"column":37}},{"start":{"line":34,"column":36},"end":{"line":38,"column":37}}],"line":34}},"s":{"0":0,"1":0,"2":0,"3":0,"4":0,"5":0,"6":0,"7":0,"8":0,"9":0,"10":0,"11":0,"12":0,"13":0,"14":0,"15":0,"16":0,"17":0,"18":0},"f":{"0":0,"1":0,"2":0,"3":0},"b":{"0":[0,0],"1":[0,0],"2":[0,0],"3":[0,0]},"all":true},"d:\\GitHub\\fdi-helper\\models\\DAOAssociations.js":{"path":"d:\\GitHub\\fdi-helper\\models\\DAOAssociations.js","statementMap":{"0":{"start":{"line":5,"column":8},"end":{"line":5,"column":25}},"1":{"start":{"line":11,"column":8},"end":{"line":49,"column":11}},"2":{"start":{"line":12,"column":12},"end":{"line":48,"column":13}},"3":{"start":{"line":14,"column":16},"end":{"line":14,"column":76}},"4":{"start":{"line":17,"column":16},"end":{"line":47,"column":18}},"5":{"start":{"line":22,"column":24},"end":{"line":44,"column":25}},"6":{"start":{"line":24,"column":28},"end":{"line":24,"column":95}},"7":{"start":{"line":30,"column":28},"end":{"line":41,"column":29}},"8":{"start":{"line":31,"column":32},"end":{"line":40,"column":33}},"9":{"start":{"line":43,"column":28},"end":{"line":43,"column":56}},"10":{"start":{"line":45,"column":24},"end":{"line":45,"column":45}},"11":{"start":{"line":55,"column":8},"end":{"line":96,"column":11}},"12":{"start":{"line":56,"column":12},"end":{"line":95,"column":13}},"13":{"start":{"line":58,"column":16},"end":{"line":58,"column":76}},"14":{"start":{"line":62,"column":16},"end":{"line":94,"column":18}},"15":{"start":{"line":65,"column":24},"end":{"line":91,"column":25}},"16":{"start":{"line":67,"column":28},"end":{"line":67,"column":92}},"17":{"start":{"line":71,"column":47},"end":{"line":71,"column":49}},"18":{"start":{"line":74,"column":28},"end":{"line":88,"column":29}},"19":{"start":{"line":75,"column":32},"end":{"line":87,"column":33}},"20":{"start":{"line":76,"column":36},"end":{"line":85,"column":37}},"21":{"start":{"line":86,"column":36},"end":{"line":86,"column":60}},"22":{"start":{"line":90,"column":28},"end":{"line":90,"column":57}},"23":{"start":{"line":92,"column":24},"end":{"line":92,"column":45}},"24":{"start":{"line":103,"column":8},"end":{"line":125,"column":11}},"25":{"start":{"line":104,"column":12},"end":{"line":124,"column":13}},"26":{"start":{"line":106,"column":16},"end":{"line":106,"column":77}},"27":{"start":{"line":110,"column":16},"end":{"line":123,"column":18}},"28":{"start":{"line":114,"column":24},"end":{"line":114,"column":45}},"29":{"start":{"line":115,"column":24},"end":{"line":121,"column":25}},"30":{"start":{"line":117,"column":28},"end":{"line":117,"column":47}},"31":{"start":{"line":120,"column":28},"end":{"line":120,"column":60}},"32":{"start":{"line":132,"column":8},"end":{"line":175,"column":11}},"33":{"start":{"line":133,"column":12},"end":{"line":174,"column":13}},"34":{"start":{"line":135,"column":16},"end":{"line":135,"column":83}},"35":{"start":{"line":139,"column":16},"end":{"line":173,"column":23}},"36":{"start":{"line":142,"column":24},"end":{"line":172,"column":25}},"37":{"start":{"line":144,"column":28},"end":{"line":144,"column":123}},"38":{"start":{"line":147,"column":28},"end":{"line":171,"column":30}},"39":{"start":{"line":151,"column":36},"end":{"line":169,"column":37}},"40":{"start":{"line":153,"column":40},"end":{"line":153,"column":132}},"41":{"start":{"line":155,"column":40},"end":{"line":168,"column":42}},"42":{"start":{"line":160,"column":48},"end":{"line":160,"column":69}},"43":{"start":{"line":161,"column":48},"end":{"line":166,"column":49}},"44":{"start":{"line":162,"column":52},"end":{"line":162,"column":161}},"45":{"start":{"line":165,"column":52},"end":{"line":165,"column":84}},"46":{"start":{"line":183,"column":8},"end":{"line":208,"column":10}},"47":{"start":{"line":184,"column":12},"end":{"line":205,"column":13}},"48":{"start":{"line":186,"column":16},"end":{"line":186,"column":87}},"49":{"start":{"line":190,"column":16},"end":{"line":204,"column":17}},"50":{"start":{"line":194,"column":24},"end":{"line":194,"column":45}},"51":{"start":{"line":195,"column":24},"end":{"line":202,"column":25}},"52":{"start":{"line":197,"column":28},"end":{"line":197,"column":50}},"53":{"start":{"line":201,"column":28},"end":{"line":201,"column":49}},"54":{"start":{"line":214,"column":8},"end":{"line":236,"column":11}},"55":{"start":{"line":215,"column":12},"end":{"line":235,"column":13}},"56":{"start":{"line":217,"column":16},"end":{"line":217,"column":77}},"57":{"start":{"line":221,"column":16},"end":{"line":234,"column":18}},"58":{"start":{"line":225,"column":24},"end":{"line":225,"column":45}},"59":{"start":{"line":226,"column":24},"end":{"line":232,"column":25}},"60":{"start":{"line":228,"column":28},"end":{"line":228,"column":88}},"61":{"start":{"line":231,"column":28},"end":{"line":231,"column":43}},"62":{"start":{"line":241,"column":0},"end":{"line":241,"column":33}}},"fnMap":{"0":{"name":"(anonymous_0)","decl":{"start":{"line":4,"column":4},"end":{"line":4,"column":5}},"loc":{"start":{"line":4,"column":22},"end":{"line":6,"column":5}},"line":4},"1":{"name":"(anonymous_1)","decl":{"start":{"line":10,"column":4},"end":{"line":10,"column":5}},"loc":{"start":{"line":10,"column":48},"end":{"line":50,"column":5}},"line":10},"2":{"name":"(anonymous_2)","decl":{"start":{"line":11,"column":32},"end":{"line":11,"column":33}},"loc":{"start":{"line":11,"column":59},"end":{"line":49,"column":9}},"line":11},"3":{"name":"(anonymous_3)","decl":{"start":{"line":21,"column":20},"end":{"line":21,"column":21}},"loc":{"start":{"line":21,"column":43},"end":{"line":46,"column":21}},"line":21},"4":{"name":"(anonymous_4)","decl":{"start":{"line":54,"column":4},"end":{"line":54,"column":5}},"loc":{"start":{"line":54,"column":30},"end":{"line":97,"column":5}},"line":54},"5":{"name":"(anonymous_5)","decl":{"start":{"line":55,"column":32},"end":{"line":55,"column":33}},"loc":{"start":{"line":55,"column":59},"end":{"line":96,"column":9}},"line":55},"6":{"name":"(anonymous_6)","decl":{"start":{"line":64,"column":20},"end":{"line":64,"column":21}},"loc":{"start":{"line":64,"column":43},"end":{"line":93,"column":21}},"line":64},"7":{"name":"(anonymous_7)","decl":{"start":{"line":102,"column":4},"end":{"line":102,"column":5}},"loc":{"start":{"line":102,"column":45},"end":{"line":126,"column":5}},"line":102},"8":{"name":"(anonymous_8)","decl":{"start":{"line":103,"column":32},"end":{"line":103,"column":33}},"loc":{"start":{"line":103,"column":59},"end":{"line":125,"column":9}},"line":103},"9":{"name":"(anonymous_9)","decl":{"start":{"line":113,"column":20},"end":{"line":113,"column":21}},"loc":{"start":{"line":113,"column":43},"end":{"line":122,"column":21}},"line":113},"10":{"name":"(anonymous_10)","decl":{"start":{"line":131,"column":4},"end":{"line":131,"column":5}},"loc":{"start":{"line":131,"column":47},"end":{"line":176,"column":5}},"line":131},"11":{"name":"(anonymous_11)","decl":{"start":{"line":132,"column":32},"end":{"line":132,"column":33}},"loc":{"start":{"line":132,"column":59},"end":{"line":175,"column":9}},"line":132},"12":{"name":"(anonymous_12)","decl":{"start":{"line":141,"column":20},"end":{"line":141,"column":21}},"loc":{"start":{"line":141,"column":44},"end":{"line":173,"column":21}},"line":141},"13":{"name":"(anonymous_13)","decl":{"start":{"line":150,"column":32},"end":{"line":150,"column":33}},"loc":{"start":{"line":150,"column":56},"end":{"line":170,"column":33}},"line":150},"14":{"name":"(anonymous_14)","decl":{"start":{"line":159,"column":44},"end":{"line":159,"column":45}},"loc":{"start":{"line":159,"column":68},"end":{"line":167,"column":45}},"line":159},"15":{"name":"(anonymous_15)","decl":{"start":{"line":182,"column":4},"end":{"line":182,"column":5}},"loc":{"start":{"line":182,"column":52},"end":{"line":209,"column":5}},"line":182},"16":{"name":"(anonymous_16)","decl":{"start":{"line":183,"column":32},"end":{"line":183,"column":33}},"loc":{"start":{"line":183,"column":59},"end":{"line":207,"column":9}},"line":183},"17":{"name":"(anonymous_17)","decl":{"start":{"line":193,"column":20},"end":{"line":193,"column":21}},"loc":{"start":{"line":193,"column":35},"end":{"line":203,"column":21}},"line":193},"18":{"name":"(anonymous_18)","decl":{"start":{"line":213,"column":4},"end":{"line":213,"column":5}},"loc":{"start":{"line":213,"column":45},"end":{"line":237,"column":5}},"line":213},"19":{"name":"(anonymous_19)","decl":{"start":{"line":214,"column":32},"end":{"line":214,"column":33}},"loc":{"start":{"line":214,"column":59},"end":{"line":236,"column":9}},"line":214},"20":{"name":"(anonymous_20)","decl":{"start":{"line":224,"column":20},"end":{"line":224,"column":21}},"loc":{"start":{"line":224,"column":35},"end":{"line":233,"column":21}},"line":224}},"branchMap":{"0":{"loc":{"start":{"line":12,"column":12},"end":{"line":48,"column":13}},"type":"if","locations":[{"start":{"line":12,"column":12},"end":{"line":48,"column":13}},{"start":{"line":12,"column":12},"end":{"line":48,"column":13}}],"line":12},"1":{"loc":{"start":{"line":22,"column":24},"end":{"line":44,"column":25}},"type":"if","locations":[{"start":{"line":22,"column":24},"end":{"line":44,"column":25}},{"start":{"line":22,"column":24},"end":{"line":44,"column":25}}],"line":22},"2":{"loc":{"start":{"line":30,"column":28},"end":{"line":41,"column":29}},"type":"if","locations":[{"start":{"line":30,"column":28},"end":{"line":41,"column":29}},{"start":{"line":30,"column":28},"end":{"line":41,"column":29}}],"line":30},"3":{"loc":{"start":{"line":56,"column":12},"end":{"line":95,"column":13}},"type":"if","locations":[{"start":{"line":56,"column":12},"end":{"line":95,"column":13}},{"start":{"line":56,"column":12},"end":{"line":95,"column":13}}],"line":56},"4":{"loc":{"start":{"line":65,"column":24},"end":{"line":91,"column":25}},"type":"if","locations":[{"start":{"line":65,"column":24},"end":{"line":91,"column":25}},{"start":{"line":65,"column":24},"end":{"line":91,"column":25}}],"line":65},"5":{"loc":{"start":{"line":74,"column":28},"end":{"line":88,"column":29}},"type":"if","locations":[{"start":{"line":74,"column":28},"end":{"line":88,"column":29}},{"start":{"line":74,"column":28},"end":{"line":88,"column":29}}],"line":74},"6":{"loc":{"start":{"line":104,"column":12},"end":{"line":124,"column":13}},"type":"if","locations":[{"start":{"line":104,"column":12},"end":{"line":124,"column":13}},{"start":{"line":104,"column":12},"end":{"line":124,"column":13}}],"line":104},"7":{"loc":{"start":{"line":115,"column":24},"end":{"line":121,"column":25}},"type":"if","locations":[{"start":{"line":115,"column":24},"end":{"line":121,"column":25}},{"start":{"line":115,"column":24},"end":{"line":121,"column":25}}],"line":115},"8":{"loc":{"start":{"line":133,"column":12},"end":{"line":174,"column":13}},"type":"if","locations":[{"start":{"line":133,"column":12},"end":{"line":174,"column":13}},{"start":{"line":133,"column":12},"end":{"line":174,"column":13}}],"line":133},"9":{"loc":{"start":{"line":142,"column":24},"end":{"line":172,"column":25}},"type":"if","locations":[{"start":{"line":142,"column":24},"end":{"line":172,"column":25}},{"start":{"line":142,"column":24},"end":{"line":172,"column":25}}],"line":142},"10":{"loc":{"start":{"line":151,"column":36},"end":{"line":169,"column":37}},"type":"if","locations":[{"start":{"line":151,"column":36},"end":{"line":169,"column":37}},{"start":{"line":151,"column":36},"end":{"line":169,"column":37}}],"line":151},"11":{"loc":{"start":{"line":161,"column":48},"end":{"line":166,"column":49}},"type":"if","locations":[{"start":{"line":161,"column":48},"end":{"line":166,"column":49}},{"start":{"line":161,"column":48},"end":{"line":166,"column":49}}],"line":161},"12":{"loc":{"start":{"line":184,"column":12},"end":{"line":205,"column":13}},"type":"if","locations":[{"start":{"line":184,"column":12},"end":{"line":205,"column":13}},{"start":{"line":184,"column":12},"end":{"line":205,"column":13}}],"line":184},"13":{"loc":{"start":{"line":195,"column":24},"end":{"line":202,"column":25}},"type":"if","locations":[{"start":{"line":195,"column":24},"end":{"line":202,"column":25}},{"start":{"line":195,"column":24},"end":{"line":202,"column":25}}],"line":195},"14":{"loc":{"start":{"line":215,"column":12},"end":{"line":235,"column":13}},"type":"if","locations":[{"start":{"line":215,"column":12},"end":{"line":235,"column":13}},{"start":{"line":215,"column":12},"end":{"line":235,"column":13}}],"line":215},"15":{"loc":{"start":{"line":226,"column":24},"end":{"line":232,"column":25}},"type":"if","locations":[{"start":{"line":226,"column":24},"end":{"line":232,"column":25}},{"start":{"line":226,"column":24},"end":{"line":232,"column":25}}],"line":226}},"s":{"0":0,"1":0,"2":0,"3":0,"4":0,"5":0,"6":0,"7":0,"8":0,"9":0,"10":0,"11":0,"12":0,"13":0,"14":0,"15":0,"16":0,"17":0,"18":0,"19":0,"20":0,"21":0,"22":0,"23":0,"24":0,"25":0,"26":0,"27":0,"28":0,"29":0,"30":0,"31":0,"32":0,"33":0,"34":0,"35":0,"36":0,"37":0,"38":0,"39":0,"40":0,"41":0,"42":0,"43":0,"44":0,"45":0,"46":0,"47":0,"48":0,"49":0,"50":0,"51":0,"52":0,"53":0,"54":0,"55":0,"56":0,"57":0,"58":0,"59":0,"60":0,"61":0,"62":0},"f":{"0":0,"1":0,"2":0,"3":0,"4":0,"5":0,"6":0,"7":0,"8":0,"9":0,"10":0,"11":0,"12":0,"13":0,"14":0,"15":0,"16":0,"17":0,"18":0,"19":0,"20":0},"b":{"0":[0,0],"1":[0,0],"2":[0,0],"3":[0,0],"4":[0,0],"5":[0,0],"6":[0,0],"7":[0,0],"8":[0,0],"9":[0,0],"10":[0,0],"11":[0,0],"12":[0,0],"13":[0,0],"14":[0,0],"15":[0,0]},"all":true},"d:\\GitHub\\fdi-helper\\models\\DAOForum.js":{"path":"d:\\GitHub\\fdi-helper\\models\\DAOForum.js","statementMap":{"0":{"start":{"line":5,"column":8},"end":{"line":5,"column":25}},"1":{"start":{"line":9,"column":8},"end":{"line":32,"column":11}},"2":{"start":{"line":10,"column":12},"end":{"line":30,"column":13}},"3":{"start":{"line":12,"column":16},"end":{"line":12,"column":83}},"4":{"start":{"line":16,"column":16},"end":{"line":29,"column":18}},"5":{"start":{"line":20,"column":24},"end":{"line":20,"column":45}},"6":{"start":{"line":21,"column":24},"end":{"line":27,"column":25}},"7":{"start":{"line":23,"column":28},"end":{"line":23,"column":82}},"8":{"start":{"line":26,"column":28},"end":{"line":26,"column":53}},"9":{"start":{"line":37,"column":8},"end":{"line":60,"column":11}},"10":{"start":{"line":38,"column":12},"end":{"line":58,"column":13}},"11":{"start":{"line":40,"column":16},"end":{"line":40,"column":83}},"12":{"start":{"line":44,"column":16},"end":{"line":57,"column":18}},"13":{"start":{"line":48,"column":24},"end":{"line":48,"column":45}},"14":{"start":{"line":49,"column":24},"end":{"line":55,"column":25}},"15":{"start":{"line":51,"column":28},"end":{"line":51,"column":78}},"16":{"start":{"line":54,"column":28},"end":{"line":54,"column":50}},"17":{"start":{"line":64,"column":8},"end":{"line":86,"column":11}},"18":{"start":{"line":65,"column":12},"end":{"line":85,"column":13}},"19":{"start":{"line":67,"column":16},"end":{"line":67,"column":83}},"20":{"start":{"line":71,"column":16},"end":{"line":84,"column":18}},"21":{"start":{"line":75,"column":24},"end":{"line":75,"column":45}},"22":{"start":{"line":76,"column":24},"end":{"line":82,"column":25}},"23":{"start":{"line":78,"column":28},"end":{"line":78,"column":81}},"24":{"start":{"line":81,"column":28},"end":{"line":81,"column":50}},"25":{"start":{"line":90,"column":8},"end":{"line":136,"column":11}},"26":{"start":{"line":91,"column":12},"end":{"line":135,"column":13}},"27":{"start":{"line":93,"column":16},"end":{"line":93,"column":76}},"28":{"start":{"line":97,"column":16},"end":{"line":134,"column":18}},"29":{"start":{"line":101,"column":24},"end":{"line":131,"column":25}},"30":{"start":{"line":102,"column":28},"end":{"line":102,"column":92}},"31":{"start":{"line":105,"column":41},"end":{"line":105,"column":43}},"32":{"start":{"line":108,"column":28},"end":{"line":128,"column":29}},"33":{"start":{"line":109,"column":32},"end":{"line":127,"column":33}},"34":{"start":{"line":111,"column":48},"end":{"line":111,"column":49}},"35":{"start":{"line":112,"column":36},"end":{"line":116,"column":37}},"36":{"start":{"line":113,"column":40},"end":{"line":113,"column":76}},"37":{"start":{"line":115,"column":40},"end":{"line":115,"column":72}},"38":{"start":{"line":118,"column":36},"end":{"line":125,"column":37}},"39":{"start":{"line":126,"column":36},"end":{"line":126,"column":53}},"40":{"start":{"line":130,"column":28},"end":{"line":130,"column":51}},"41":{"start":{"line":132,"column":24},"end":{"line":132,"column":45}},"42":{"start":{"line":140,"column":8},"end":{"line":182,"column":11}},"43":{"start":{"line":141,"column":12},"end":{"line":181,"column":13}},"44":{"start":{"line":143,"column":16},"end":{"line":143,"column":76}},"45":{"start":{"line":147,"column":16},"end":{"line":180,"column":18}},"46":{"start":{"line":152,"column":24},"end":{"line":177,"column":25}},"47":{"start":{"line":153,"column":28},"end":{"line":153,"column":92}},"48":{"start":{"line":157,"column":28},"end":{"line":174,"column":29}},"49":{"start":{"line":159,"column":44},"end":{"line":159,"column":45}},"50":{"start":{"line":160,"column":32},"end":{"line":164,"column":33}},"51":{"start":{"line":161,"column":36},"end":{"line":161,"column":78}},"52":{"start":{"line":163,"column":36},"end":{"line":163,"column":74}},"53":{"start":{"line":165,"column":32},"end":{"line":173,"column":33}},"54":{"start":{"line":176,"column":28},"end":{"line":176,"column":50}},"55":{"start":{"line":178,"column":24},"end":{"line":178,"column":45}},"56":{"start":{"line":186,"column":8},"end":{"line":209,"column":11}},"57":{"start":{"line":187,"column":12},"end":{"line":207,"column":13}},"58":{"start":{"line":189,"column":16},"end":{"line":189,"column":83}},"59":{"start":{"line":193,"column":16},"end":{"line":206,"column":18}},"60":{"start":{"line":197,"column":24},"end":{"line":197,"column":45}},"61":{"start":{"line":198,"column":24},"end":{"line":204,"column":25}},"62":{"start":{"line":200,"column":28},"end":{"line":200,"column":85}},"63":{"start":{"line":203,"column":28},"end":{"line":203,"column":50}},"64":{"start":{"line":213,"column":8},"end":{"line":236,"column":11}},"65":{"start":{"line":214,"column":12},"end":{"line":234,"column":13}},"66":{"start":{"line":216,"column":16},"end":{"line":216,"column":77}},"67":{"start":{"line":220,"column":16},"end":{"line":233,"column":18}},"68":{"start":{"line":224,"column":24},"end":{"line":224,"column":45}},"69":{"start":{"line":225,"column":24},"end":{"line":231,"column":25}},"70":{"start":{"line":227,"column":28},"end":{"line":227,"column":79}},"71":{"start":{"line":230,"column":28},"end":{"line":230,"column":43}},"72":{"start":{"line":240,"column":8},"end":{"line":262,"column":11}},"73":{"start":{"line":241,"column":12},"end":{"line":261,"column":13}},"74":{"start":{"line":243,"column":16},"end":{"line":243,"column":76}},"75":{"start":{"line":247,"column":16},"end":{"line":260,"column":17}},"76":{"start":{"line":251,"column":24},"end":{"line":251,"column":45}},"77":{"start":{"line":252,"column":24},"end":{"line":258,"column":25}},"78":{"start":{"line":254,"column":28},"end":{"line":254,"column":93}},"79":{"start":{"line":257,"column":28},"end":{"line":257,"column":43}},"80":{"start":{"line":267,"column":0},"end":{"line":267,"column":26}}},"fnMap":{"0":{"name":"(anonymous_0)","decl":{"start":{"line":4,"column":4},"end":{"line":4,"column":5}},"loc":{"start":{"line":4,"column":22},"end":{"line":6,"column":5}},"line":4},"1":{"name":"(anonymous_1)","decl":{"start":{"line":8,"column":4},"end":{"line":8,"column":5}},"loc":{"start":{"line":8,"column":31},"end":{"line":33,"column":5}},"line":8},"2":{"name":"(anonymous_2)","decl":{"start":{"line":9,"column":32},"end":{"line":9,"column":33}},"loc":{"start":{"line":9,"column":59},"end":{"line":32,"column":9}},"line":9},"3":{"name":"(anonymous_3)","decl":{"start":{"line":19,"column":20},"end":{"line":19,"column":21}},"loc":{"start":{"line":19,"column":43},"end":{"line":28,"column":21}},"line":19},"4":{"name":"(anonymous_4)","decl":{"start":{"line":36,"column":4},"end":{"line":36,"column":5}},"loc":{"start":{"line":36,"column":31},"end":{"line":61,"column":5}},"line":36},"5":{"name":"(anonymous_5)","decl":{"start":{"line":37,"column":32},"end":{"line":37,"column":33}},"loc":{"start":{"line":37,"column":59},"end":{"line":60,"column":9}},"line":37},"6":{"name":"(anonymous_6)","decl":{"start":{"line":47,"column":20},"end":{"line":47,"column":21}},"loc":{"start":{"line":47,"column":42},"end":{"line":56,"column":21}},"line":47},"7":{"name":"(anonymous_7)","decl":{"start":{"line":63,"column":4},"end":{"line":63,"column":5}},"loc":{"start":{"line":63,"column":31},"end":{"line":87,"column":5}},"line":63},"8":{"name":"(anonymous_8)","decl":{"start":{"line":64,"column":32},"end":{"line":64,"column":33}},"loc":{"start":{"line":64,"column":59},"end":{"line":86,"column":9}},"line":64},"9":{"name":"(anonymous_9)","decl":{"start":{"line":74,"column":20},"end":{"line":74,"column":21}},"loc":{"start":{"line":74,"column":42},"end":{"line":83,"column":21}},"line":74},"10":{"name":"(anonymous_10)","decl":{"start":{"line":89,"column":4},"end":{"line":89,"column":5}},"loc":{"start":{"line":89,"column":23},"end":{"line":137,"column":5}},"line":89},"11":{"name":"(anonymous_11)","decl":{"start":{"line":90,"column":32},"end":{"line":90,"column":33}},"loc":{"start":{"line":90,"column":57},"end":{"line":136,"column":9}},"line":90},"12":{"name":"(anonymous_12)","decl":{"start":{"line":99,"column":20},"end":{"line":99,"column":21}},"loc":{"start":{"line":99,"column":42},"end":{"line":133,"column":21}},"line":99},"13":{"name":"(anonymous_13)","decl":{"start":{"line":139,"column":4},"end":{"line":139,"column":5}},"loc":{"start":{"line":139,"column":35},"end":{"line":183,"column":5}},"line":139},"14":{"name":"(anonymous_14)","decl":{"start":{"line":140,"column":32},"end":{"line":140,"column":33}},"loc":{"start":{"line":140,"column":57},"end":{"line":182,"column":9}},"line":140},"15":{"name":"(anonymous_15)","decl":{"start":{"line":150,"column":20},"end":{"line":150,"column":21}},"loc":{"start":{"line":150,"column":42},"end":{"line":179,"column":21}},"line":150},"16":{"name":"(anonymous_16)","decl":{"start":{"line":185,"column":4},"end":{"line":185,"column":5}},"loc":{"start":{"line":185,"column":31},"end":{"line":210,"column":5}},"line":185},"17":{"name":"(anonymous_17)","decl":{"start":{"line":186,"column":32},"end":{"line":186,"column":33}},"loc":{"start":{"line":186,"column":59},"end":{"line":209,"column":9}},"line":186},"18":{"name":"(anonymous_18)","decl":{"start":{"line":196,"column":20},"end":{"line":196,"column":21}},"loc":{"start":{"line":196,"column":42},"end":{"line":205,"column":21}},"line":196},"19":{"name":"(anonymous_19)","decl":{"start":{"line":212,"column":4},"end":{"line":212,"column":5}},"loc":{"start":{"line":212,"column":33},"end":{"line":237,"column":5}},"line":212},"20":{"name":"(anonymous_20)","decl":{"start":{"line":213,"column":32},"end":{"line":213,"column":33}},"loc":{"start":{"line":213,"column":59},"end":{"line":236,"column":9}},"line":213},"21":{"name":"(anonymous_21)","decl":{"start":{"line":223,"column":20},"end":{"line":223,"column":21}},"loc":{"start":{"line":223,"column":42},"end":{"line":232,"column":21}},"line":223},"22":{"name":"(anonymous_22)","decl":{"start":{"line":239,"column":4},"end":{"line":239,"column":5}},"loc":{"start":{"line":239,"column":33},"end":{"line":263,"column":5}},"line":239},"23":{"name":"(anonymous_23)","decl":{"start":{"line":240,"column":32},"end":{"line":240,"column":33}},"loc":{"start":{"line":240,"column":57},"end":{"line":262,"column":9}},"line":240},"24":{"name":"(anonymous_24)","decl":{"start":{"line":250,"column":20},"end":{"line":250,"column":21}},"loc":{"start":{"line":250,"column":33},"end":{"line":259,"column":21}},"line":250}},"branchMap":{"0":{"loc":{"start":{"line":10,"column":12},"end":{"line":30,"column":13}},"type":"if","locations":[{"start":{"line":10,"column":12},"end":{"line":30,"column":13}},{"start":{"line":10,"column":12},"end":{"line":30,"column":13}}],"line":10},"1":{"loc":{"start":{"line":21,"column":24},"end":{"line":27,"column":25}},"type":"if","locations":[{"start":{"line":21,"column":24},"end":{"line":27,"column":25}},{"start":{"line":21,"column":24},"end":{"line":27,"column":25}}],"line":21},"2":{"loc":{"start":{"line":38,"column":12},"end":{"line":58,"column":13}},"type":"if","locations":[{"start":{"line":38,"column":12},"end":{"line":58,"column":13}},{"start":{"line":38,"column":12},"end":{"line":58,"column":13}}],"line":38},"3":{"loc":{"start":{"line":49,"column":24},"end":{"line":55,"column":25}},"type":"if","locations":[{"start":{"line":49,"column":24},"end":{"line":55,"column":25}},{"start":{"line":49,"column":24},"end":{"line":55,"column":25}}],"line":49},"4":{"loc":{"start":{"line":65,"column":12},"end":{"line":85,"column":13}},"type":"if","locations":[{"start":{"line":65,"column":12},"end":{"line":85,"column":13}},{"start":{"line":65,"column":12},"end":{"line":85,"column":13}}],"line":65},"5":{"loc":{"start":{"line":76,"column":24},"end":{"line":82,"column":25}},"type":"if","locations":[{"start":{"line":76,"column":24},"end":{"line":82,"column":25}},{"start":{"line":76,"column":24},"end":{"line":82,"column":25}}],"line":76},"6":{"loc":{"start":{"line":91,"column":12},"end":{"line":135,"column":13}},"type":"if","locations":[{"start":{"line":91,"column":12},"end":{"line":135,"column":13}},{"start":{"line":91,"column":12},"end":{"line":135,"column":13}}],"line":91},"7":{"loc":{"start":{"line":101,"column":24},"end":{"line":131,"column":25}},"type":"if","locations":[{"start":{"line":101,"column":24},"end":{"line":131,"column":25}},{"start":{"line":101,"column":24},"end":{"line":131,"column":25}}],"line":101},"8":{"loc":{"start":{"line":108,"column":28},"end":{"line":128,"column":29}},"type":"if","locations":[{"start":{"line":108,"column":28},"end":{"line":128,"column":29}},{"start":{"line":108,"column":28},"end":{"line":128,"column":29}}],"line":108},"9":{"loc":{"start":{"line":112,"column":36},"end":{"line":116,"column":37}},"type":"if","locations":[{"start":{"line":112,"column":36},"end":{"line":116,"column":37}},{"start":{"line":112,"column":36},"end":{"line":116,"column":37}}],"line":112},"10":{"loc":{"start":{"line":141,"column":12},"end":{"line":181,"column":13}},"type":"if","locations":[{"start":{"line":141,"column":12},"end":{"line":181,"column":13}},{"start":{"line":141,"column":12},"end":{"line":181,"column":13}}],"line":141},"11":{"loc":{"start":{"line":152,"column":24},"end":{"line":177,"column":25}},"type":"if","locations":[{"start":{"line":152,"column":24},"end":{"line":177,"column":25}},{"start":{"line":152,"column":24},"end":{"line":177,"column":25}}],"line":152},"12":{"loc":{"start":{"line":157,"column":28},"end":{"line":174,"column":29}},"type":"if","locations":[{"start":{"line":157,"column":28},"end":{"line":174,"column":29}},{"start":{"line":157,"column":28},"end":{"line":174,"column":29}}],"line":157},"13":{"loc":{"start":{"line":160,"column":32},"end":{"line":164,"column":33}},"type":"if","locations":[{"start":{"line":160,"column":32},"end":{"line":164,"column":33}},{"start":{"line":160,"column":32},"end":{"line":164,"column":33}}],"line":160},"14":{"loc":{"start":{"line":187,"column":12},"end":{"line":207,"column":13}},"type":"if","locations":[{"start":{"line":187,"column":12},"end":{"line":207,"column":13}},{"start":{"line":187,"column":12},"end":{"line":207,"column":13}}],"line":187},"15":{"loc":{"start":{"line":198,"column":24},"end":{"line":204,"column":25}},"type":"if","locations":[{"start":{"line":198,"column":24},"end":{"line":204,"column":25}},{"start":{"line":198,"column":24},"end":{"line":204,"column":25}}],"line":198},"16":{"loc":{"start":{"line":214,"column":12},"end":{"line":234,"column":13}},"type":"if","locations":[{"start":{"line":214,"column":12},"end":{"line":234,"column":13}},{"start":{"line":214,"column":12},"end":{"line":234,"column":13}}],"line":214},"17":{"loc":{"start":{"line":225,"column":24},"end":{"line":231,"column":25}},"type":"if","locations":[{"start":{"line":225,"column":24},"end":{"line":231,"column":25}},{"start":{"line":225,"column":24},"end":{"line":231,"column":25}}],"line":225},"18":{"loc":{"start":{"line":241,"column":12},"end":{"line":261,"column":13}},"type":"if","locations":[{"start":{"line":241,"column":12},"end":{"line":261,"column":13}},{"start":{"line":241,"column":12},"end":{"line":261,"column":13}}],"line":241},"19":{"loc":{"start":{"line":252,"column":24},"end":{"line":258,"column":25}},"type":"if","locations":[{"start":{"line":252,"column":24},"end":{"line":258,"column":25}},{"start":{"line":252,"column":24},"end":{"line":258,"column":25}}],"line":252}},"s":{"0":0,"1":0,"2":0,"3":0,"4":0,"5":0,"6":0,"7":0,"8":0,"9":0,"10":0,"11":0,"12":0,"13":0,"14":0,"15":0,"16":0,"17":0,"18":0,"19":0,"20":0,"21":0,"22":0,"23":0,"24":0,"25":0,"26":0,"27":0,"28":0,"29":0,"30":0,"31":0,"32":0,"33":0,"34":0,"35":0,"36":0,"37":0,"38":0,"39":0,"40":0,"41":0,"42":0,"43":0,"44":0,"45":0,"46":0,"47":0,"48":0,"49":0,"50":0,"51":0,"52":0,"53":0,"54":0,"55":0,"56":0,"57":0,"58":0,"59":0,"60":0,"61":0,"62":0,"63":0,"64":0,"65":0,"66":0,"67":0,"68":0,"69":0,"70":0,"71":0,"72":0,"73":0,"74":0,"75":0,"76":0,"77":0,"78":0,"79":0,"80":0},"f":{"0":0,"1":0,"2":0,"3":0,"4":0,"5":0,"6":0,"7":0,"8":0,"9":0,"10":0,"11":0,"12":0,"13":0,"14":0,"15":0,"16":0,"17":0,"18":0,"19":0,"20":0,"21":0,"22":0,"23":0,"24":0},"b":{"0":[0,0],"1":[0,0],"2":[0,0],"3":[0,0],"4":[0,0],"5":[0,0],"6":[0,0],"7":[0,0],"8":[0,0],"9":[0,0],"10":[0,0],"11":[0,0],"12":[0,0],"13":[0,0],"14":[0,0],"15":[0,0],"16":[0,0],"17":[0,0],"18":[0,0],"19":[0,0]},"all":true},"d:\\GitHub\\fdi-helper\\models\\DAOMeetings.js":{"path":"d:\\GitHub\\fdi-helper\\models\\DAOMeetings.js","statementMap":{"0":{"start":{"line":5,"column":8},"end":{"line":5,"column":25}},"1":{"start":{"line":9,"column":8},"end":{"line":30,"column":11}},"2":{"start":{"line":10,"column":12},"end":{"line":29,"column":13}},"3":{"start":{"line":12,"column":16},"end":{"line":12,"column":83}},"4":{"start":{"line":16,"column":16},"end":{"line":28,"column":18}},"5":{"start":{"line":20,"column":24},"end":{"line":20,"column":45}},"6":{"start":{"line":21,"column":24},"end":{"line":26,"column":25}},"7":{"start":{"line":22,"column":28},"end":{"line":22,"column":84}},"8":{"start":{"line":25,"column":28},"end":{"line":25,"column":50}},"9":{"start":{"line":34,"column":8},"end":{"line":81,"column":11}},"10":{"start":{"line":35,"column":12},"end":{"line":80,"column":13}},"11":{"start":{"line":37,"column":16},"end":{"line":37,"column":76}},"12":{"start":{"line":41,"column":16},"end":{"line":79,"column":18}},"13":{"start":{"line":44,"column":24},"end":{"line":76,"column":25}},"14":{"start":{"line":45,"column":28},"end":{"line":45,"column":92}},"15":{"start":{"line":48,"column":43},"end":{"line":48,"column":45}},"16":{"start":{"line":51,"column":28},"end":{"line":73,"column":29}},"17":{"start":{"line":52,"column":32},"end":{"line":72,"column":33}},"18":{"start":{"line":53,"column":48},"end":{"line":53,"column":49}},"19":{"start":{"line":54,"column":36},"end":{"line":58,"column":37}},"20":{"start":{"line":55,"column":40},"end":{"line":55,"column":88}},"21":{"start":{"line":57,"column":40},"end":{"line":57,"column":84}},"22":{"start":{"line":60,"column":36},"end":{"line":70,"column":37}},"23":{"start":{"line":71,"column":36},"end":{"line":71,"column":55}},"24":{"start":{"line":75,"column":28},"end":{"line":75,"column":53}},"25":{"start":{"line":77,"column":24},"end":{"line":77,"column":45}},"26":{"start":{"line":85,"column":8},"end":{"line":137,"column":11}},"27":{"start":{"line":86,"column":12},"end":{"line":136,"column":13}},"28":{"start":{"line":88,"column":16},"end":{"line":88,"column":76}},"29":{"start":{"line":92,"column":16},"end":{"line":135,"column":18}},"30":{"start":{"line":96,"column":24},"end":{"line":132,"column":25}},"31":{"start":{"line":97,"column":28},"end":{"line":97,"column":92}},"32":{"start":{"line":101,"column":28},"end":{"line":129,"column":29}},"33":{"start":{"line":103,"column":44},"end":{"line":103,"column":45}},"34":{"start":{"line":104,"column":32},"end":{"line":108,"column":33}},"35":{"start":{"line":105,"column":36},"end":{"line":105,"column":78}},"36":{"start":{"line":107,"column":36},"end":{"line":107,"column":74}},"37":{"start":{"line":109,"column":45},"end":{"line":109,"column":46}},"38":{"start":{"line":110,"column":32},"end":{"line":114,"column":33}},"39":{"start":{"line":111,"column":36},"end":{"line":111,"column":91}},"40":{"start":{"line":113,"column":36},"end":{"line":113,"column":87}},"41":{"start":{"line":116,"column":32},"end":{"line":128,"column":33}},"42":{"start":{"line":131,"column":28},"end":{"line":131,"column":52}},"43":{"start":{"line":133,"column":24},"end":{"line":133,"column":45}},"44":{"start":{"line":141,"column":8},"end":{"line":161,"column":11}},"45":{"start":{"line":142,"column":12},"end":{"line":160,"column":13}},"46":{"start":{"line":144,"column":16},"end":{"line":144,"column":77}},"47":{"start":{"line":147,"column":16},"end":{"line":159,"column":18}},"48":{"start":{"line":151,"column":24},"end":{"line":151,"column":45}},"49":{"start":{"line":152,"column":24},"end":{"line":157,"column":25}},"50":{"start":{"line":153,"column":28},"end":{"line":153,"column":75}},"51":{"start":{"line":156,"column":28},"end":{"line":156,"column":43}},"52":{"start":{"line":165,"column":8},"end":{"line":184,"column":11}},"53":{"start":{"line":166,"column":12},"end":{"line":183,"column":13}},"54":{"start":{"line":167,"column":16},"end":{"line":167,"column":76}},"55":{"start":{"line":170,"column":16},"end":{"line":182,"column":17}},"56":{"start":{"line":174,"column":24},"end":{"line":174,"column":45}},"57":{"start":{"line":175,"column":24},"end":{"line":180,"column":25}},"58":{"start":{"line":176,"column":28},"end":{"line":176,"column":93}},"59":{"start":{"line":179,"column":28},"end":{"line":1
[...]
olumn":16},"end":{"line":216,"column":36}},"86":{"start":{"line":219,"column":17},"end":{"line":232,"column":18}},"87":{"start":{"line":224,"column":24},"end":{"line":224,"column":45}},"88":{"start":{"line":225,"column":24},"end":{"line":230,"column":25}},"89":{"start":{"line":226,"column":28},"end":{"line":226,"column":48}},"90":{"start":{"line":229,"column":28},"end":{"line":229,"column":48}},"91":{"start":{"line":238,"column":8},"end":{"line":256,"column":11}},"92":{"start":{"line":239,"column":12},"end":{"line":255,"column":13}},"93":{"start":{"line":240,"column":16},"end":{"line":240,"column":36}},"94":{"start":{"line":243,"column":16},"end":{"line":254,"column":18}},"95":{"start":{"line":246,"column":24},"end":{"line":246,"column":45}},"96":{"start":{"line":247,"column":24},"end":{"line":252,"column":25}},"97":{"start":{"line":248,"column":28},"end":{"line":248,"column":48}},"98":{"start":{"line":251,"column":28},"end":{"line":251,"column":49}}},"fnMap":{"0":{"name":"(anonymous_0)","decl":{"start":{"line":24,"column":4},"end":{"line":24,"column":5}},"loc":{"start":{"line":24,"column":33},"end":{"line":30,"column":5}},"line":24},"1":{"name":"(anonymous_1)","decl":{"start":{"line":26,"column":17},"end":{"line":26,"column":18}},"loc":{"start":{"line":26,"column":24},"end":{"line":29,"column":9}},"line":26},"2":{"name":"(anonymous_2)","decl":{"start":{"line":32,"column":4},"end":{"line":32,"column":5}},"loc":{"start":{"line":32,"column":44},"end":{"line":54,"column":5}},"line":32},"3":{"name":"(anonymous_3)","decl":{"start":{"line":33,"column":27},"end":{"line":33,"column":28}},"loc":{"start":{"line":33,"column":54},"end":{"line":53,"column":9}},"line":33},"4":{"name":"(anonymous_4)","decl":{"start":{"line":41,"column":24},"end":{"line":41,"column":25}},"loc":{"start":{"line":41,"column":45},"end":{"line":49,"column":25}},"line":41},"5":{"name":"(anonymous_5)","decl":{"start":{"line":55,"column":4},"end":{"line":55,"column":5}},"loc":{"start":{"line":55,"column":45},"end":{"line":77,"column":5}},"line":55},"6":{"name":"(anonymous_6)","decl":{"start":{"line":56,"column":27},"end":{"line":56,"column":28}},"loc":{"start":{"line":56,"column":54},"end":{"line":76,"column":9}},"line":56},"7":{"name":"(anonymous_7)","decl":{"start":{"line":65,"column":20},"end":{"line":65,"column":21}},"loc":{"start":{"line":65,"column":41},"end":{"line":73,"column":21}},"line":65},"8":{"name":"(anonymous_8)","decl":{"start":{"line":79,"column":4},"end":{"line":79,"column":5}},"loc":{"start":{"line":79,"column":34},"end":{"line":98,"column":5}},"line":79},"9":{"name":"(anonymous_9)","decl":{"start":{"line":80,"column":27},"end":{"line":80,"column":28}},"loc":{"start":{"line":80,"column":54},"end":{"line":97,"column":9}},"line":80},"10":{"name":"(anonymous_10)","decl":{"start":{"line":87,"column":20},"end":{"line":87,"column":21}},"loc":{"start":{"line":87,"column":41},"end":{"line":95,"column":21}},"line":87},"11":{"name":"(anonymous_11)","decl":{"start":{"line":99,"column":4},"end":{"line":99,"column":5}},"loc":{"start":{"line":99,"column":33},"end":{"line":120,"column":5}},"line":99},"12":{"name":"(anonymous_12)","decl":{"start":{"line":100,"column":27},"end":{"line":100,"column":28}},"loc":{"start":{"line":100,"column":54},"end":{"line":119,"column":9}},"line":100},"13":{"name":"(anonymous_13)","decl":{"start":{"line":108,"column":20},"end":{"line":108,"column":21}},"loc":{"start":{"line":108,"column":41},"end":{"line":116,"column":21}},"line":108},"14":{"name":"(anonymous_14)","decl":{"start":{"line":122,"column":4},"end":{"line":122,"column":5}},"loc":{"start":{"line":122,"column":47},"end":{"line":144,"column":5}},"line":122},"15":{"name":"(anonymous_15)","decl":{"start":{"line":123,"column":27},"end":{"line":123,"column":28}},"loc":{"start":{"line":123,"column":54},"end":{"line":143,"column":9}},"line":123},"16":{"name":"(anonymous_16)","decl":{"start":{"line":132,"column":24},"end":{"line":132,"column":25}},"loc":{"start":{"line":132,"column":45},"end":{"line":140,"column":25}},"line":132},"17":{"name":"(anonymous_17)","decl":{"start":{"line":146,"column":4},"end":{"line":146,"column":5}},"loc":{"start":{"line":146,"column":36},"end":{"line":166,"column":5}},"line":146},"18":{"name":"(anonymous_18)","decl":{"start":{"line":147,"column":27},"end":{"line":147,"column":28}},"loc":{"start":{"line":147,"column":54},"end":{"line":165,"column":9}},"line":147},"19":{"name":"(anonymous_19)","decl":{"start":{"line":154,"column":20},"end":{"line":154,"column":21}},"loc":{"start":{"line":154,"column":41},"end":{"line":162,"column":21}},"line":154},"20":{"name":"(anonymous_20)","decl":{"start":{"line":168,"column":4},"end":{"line":168,"column":5}},"loc":{"start":{"line":168,"column":55},"end":{"line":189,"column":5}},"line":168},"21":{"name":"(anonymous_21)","decl":{"start":{"line":169,"column":27},"end":{"line":169,"column":28}},"loc":{"start":{"line":169,"column":54},"end":{"line":188,"column":9}},"line":169},"22":{"name":"(anonymous_22)","decl":{"start":{"line":177,"column":20},"end":{"line":177,"column":21}},"loc":{"start":{"line":177,"column":41},"end":{"line":185,"column":21}},"line":177},"23":{"name":"(anonymous_23)","decl":{"start":{"line":191,"column":4},"end":{"line":191,"column":5}},"loc":{"start":{"line":191,"column":40},"end":{"line":211,"column":5}},"line":191},"24":{"name":"(anonymous_24)","decl":{"start":{"line":192,"column":27},"end":{"line":192,"column":28}},"loc":{"start":{"line":192,"column":54},"end":{"line":210,"column":9}},"line":192},"25":{"name":"(anonymous_25)","decl":{"start":{"line":199,"column":20},"end":{"line":199,"column":21}},"loc":{"start":{"line":199,"column":41},"end":{"line":207,"column":21}},"line":199},"26":{"name":"(anonymous_26)","decl":{"start":{"line":213,"column":4},"end":{"line":213,"column":5}},"loc":{"start":{"line":213,"column":41},"end":{"line":235,"column":5}},"line":213},"27":{"name":"(anonymous_27)","decl":{"start":{"line":214,"column":27},"end":{"line":214,"column":28}},"loc":{"start":{"line":214,"column":54},"end":{"line":234,"column":9}},"line":214},"28":{"name":"(anonymous_28)","decl":{"start":{"line":223,"column":20},"end":{"line":223,"column":21}},"loc":{"start":{"line":223,"column":41},"end":{"line":231,"column":21}},"line":223},"29":{"name":"(anonymous_29)","decl":{"start":{"line":237,"column":4},"end":{"line":237,"column":5}},"loc":{"start":{"line":237,"column":33},"end":{"line":257,"column":5}},"line":237},"30":{"name":"(anonymous_30)","decl":{"start":{"line":238,"column":27},"end":{"line":238,"column":28}},"loc":{"start":{"line":238,"column":54},"end":{"line":256,"column":9}},"line":238},"31":{"name":"(anonymous_31)","decl":{"start":{"line":245,"column":20},"end":{"line":245,"column":21}},"loc":{"start":{"line":245,"column":41},"end":{"line":253,"column":21}},"line":245}},"branchMap":{"0":{"loc":{"start":{"line":27,"column":12},"end":{"line":28,"column":32}},"type":"if","locations":[{"start":{"line":27,"column":12},"end":{"line":28,"column":32}},{"start":{"line":27,"column":12},"end":{"line":28,"column":32}}],"line":27},"1":{"loc":{"start":{"line":34,"column":12},"end":{"line":51,"column":13}},"type":"if","locations":[{"start":{"line":34,"column":12},"end":{"line":51,"column":13}},{"start":{"line":34,"column":12},"end":{"line":51,"column":13}}],"line":34},"2":{"loc":{"start":{"line":43,"column":28},"end":{"line":48,"column":29}},"type":"if","locations":[{"start":{"line":43,"column":28},"end":{"line":48,"column":29}},{"start":{"line":43,"column":28},"end":{"line":48,"column":29}}],"line":43},"3":{"loc":{"start":{"line":57,"column":12},"end":{"line":75,"column":13}},"type":"if","locations":[{"start":{"line":57,"column":12},"end":{"line":75,"column":13}},{"start":{"line":57,"column":12},"end":{"line":75,"column":13}}],"line":57},"4":{"loc":{"start":{"line":67,"column":24},"end":{"line":72,"column":25}},"type":"if","locations":[{"start":{"line":67,"column":24},"end":{"line":72,"column":25}},{"start":{"line":67,"column":24},"end":{"line":72,"column":25}}],"line":67},"5":{"loc":{"start":{"line":81,"column":12},"end":{"line":96,"column":13}},"type":"if","locations":[{"start":{"line":81,"column":12},"end":{"line":96,"column":13}},{"start":{"line":81,"column":12},"end":{"line":96,"column":13}}],"line":81},"6":{"loc":{"start":{"line":89,"column":24},"end":{"line":94,"column":25}},"type":"if","locations":[{"start":{"line":89,"column":24},"end":{"line":94,"column":25}},{"start":{"line":89,"column":24},"end":{"line":94,"column":25}}],"line":89},"7":{"loc":{"start":{"line":101,"column":12},"end":{"line":118,"column":13}},"type":"if","locations":[{"start":{"line":101,"column":12},"end":{"line":118,"column":13}},{"start":{"line":101,"column":12},"end":{"line":118,"column":13}}],"line":101},"8":{"loc":{"start":{"line":110,"column":24},"end":{"line":115,"column":25}},"type":"if","locations":[{"start":{"line":110,"column":24},"end":{"line":115,"column":25}},{"start":{"line":110,"column":24},"end":{"line":115,"column":25}}],"line":110},"9":{"loc":{"start":{"line":124,"column":12},"end":{"line":142,"column":13}},"type":"if","locations":[{"start":{"line":124,"column":12},"end":{"line":142,"column":13}},{"start":{"line":124,"column":12},"end":{"line":142,"column":13}}],"line":124},"10":{"loc":{"start":{"line":134,"column":28},"end":{"line":139,"column":29}},"type":"if","locations":[{"start":{"line":134,"column":28},"end":{"line":139,"column":29}},{"start":{"line":134,"column":28},"end":{"line":139,"column":29}}],"line":134},"11":{"loc":{"start":{"line":148,"column":12},"end":{"line":164,"column":13}},"type":"if","locations":[{"start":{"line":148,"column":12},"end":{"line":164,"column":13}},{"start":{"line":148,"column":12},"end":{"line":164,"column":13}}],"line":148},"12":{"loc":{"start":{"line":156,"column":24},"end":{"line":161,"column":25}},"type":"if","locations":[{"start":{"line":156,"column":24},"end":{"line":161,"column":25}},{"start":{"line":156,"column":24},"end":{"line":161,"column":25}}],"line":156},"13":{"loc":{"start":{"line":170,"column":12},"end":{"line":187,"column":13}},"type":"if","locations":[{"start":{"line":170,"column":12},"end":{"line":187,"column":13}},{"start":{"line":170,"column":12},"end":{"line":187,"column":13}}],"line":170},"14":{"loc":{"start":{"line":179,"column":24},"end":{"line":184,"column":25}},"type":"if","locations":[{"start":{"line":179,"column":24},"end":{"line":184,"column":25}},{"start":{"line":179,"column":24},"end":{"line":184,"column":25}}],"line":179},"15":{"loc":{"start":{"line":193,"column":12},"end":{"line":209,"column":13}},"type":"if","locations":[{"start":{"line":193,"column":12},"end":{"line":209,"column":13}},{"start":{"line":193,"column":12},"end":{"line":209,"column":13}}],"line":193},"16":{"loc":{"start":{"line":201,"column":24},"end":{"line":206,"column":25}},"type":"if","locations":[{"start":{"line":201,"column":24},"end":{"line":206,"column":25}},{"start":{"line":201,"column":24},"end":{"line":206,"column":25}}],"line":201},"17":{"loc":{"start":{"line":215,"column":12},"end":{"line":233,"column":13}},"type":"if","locations":[{"start":{"line":215,"column":12},"end":{"line":233,"column":13}},{"start":{"line":215,"column":12},"end":{"line":233,"column":13}}],"line":215},"18":{"loc":{"start":{"line":225,"column":24},"end":{"line":230,"column":25}},"type":"if","locations":[{"start":{"line":225,"column":24},"end":{"line":230,"column":25}},{"start":{"line":225,"column":24},"end":{"line":230,"column":25}}],"line":225},"19":{"loc":{"start":{"line":239,"column":12},"end":{"line":255,"column":13}},"type":"if","locations":[{"start":{"line":239,"column":12},"end":{"line":255,"column":13}},{"start":{"line":239,"column":12},"end":{"line":255,"column":13}}],"line":239},"20":{"loc":{"start":{"line":247,"column":24},"end":{"line":252,"column":25}},"type":"if","locations":[{"start":{"line":247,"column":24},"end":{"line":252,"column":25}},{"start":{"line":247,"column":24},"end":{"line":252,"column":25}}],"line":247}},"s":{"0":0,"1":0,"2":0,"3":0,"4":0,"5":0,"6":0,"7":0,"8":0,"9":0,"10":0,"11":0,"12":0,"13":0,"14":0,"15":0,"16":0,"17":0,"18":0,"19":0,"20":0,"21":0,"22":0,"23":0,"24":0,"25":0,"26":0,"27":0,"28":0,"29":0,"30":0,"31":0,"32":0,"33":0,"34":0,"35":0,"36":0,"37":0,"38":0,"39":0,"40":0,"41":0,"42":0,"43":0,"44":0,"45":0,"46":0,"47":0,"48":0,"49":0,"50":0,"51":0,"52":0,"53":0,"54":0,"55":0,"56":0,"57":0,"58":0,"59":0,"60":0,"61":0,"62":0,"63":0,"64":0,"65":0,"66":0,"67":0,"68":0,"69":0,"70":0,"71":0,"72":0,"73":0,"74":0,"75":0,"76":0,"77":0,"78":0,"79":0,"80":0,"81":0,"82":0,"83":0,"84":0,"85":0,"86":0,"87":0,"88":0,"89":0,"90":0,"91":0,"92":0,"93":0,"94":0,"95":0,"96":0,"97":0,"98":0},"f":{"0":0,"1":0,"2":0,"3":0,"4":0,"5":0,"6":0,"7":0,"8":0,"9":0,"10":0,"11":0,"12":0,"13":0,"14":0,"15":0,"16":0,"17":0,"18":0,"19":0,"20":0,"21":0,"22":0,"23":0,"24":0,"25":0,"26":0,"27":0,"28":0,"29":0,"30":0,"31":0},"b":{"0":[0,0],"1":[0,0],"2":[0,0],"3":[0,0],"4":[0,0],"5":[0,0],"6":[0,0],"7":[0,0],"8":[0,0],"9":[0,0],"10":[0,0],"11":[0,0],"12":[0,0],"13":[0,0],"14":[0,0],"15":[0,0],"16":[0,0],"17":[0,0],"18":[0,0],"19":[0,0],"20":[0,0]},"all":true},"d:\\GitHub\\fdi-helper\\utils\\config.js":{"path":"d:\\GitHub\\fdi-helper\\utils\\config.js","statementMap":{"0":{"start":{"line":2,"column":0},"end":{"line":10,"column":1}}},"fnMap":{},"branchMap":{},"s":{"0":0},"f":{},"b":{},"all":true},"d:\\GitHub\\fdi-helper\\utils\\routers.js":{"path":"d:\\GitHub\\fdi-helper\\utils\\routers.js","statementMap":{"0":{"start":{"line":3,"column":13},"end":{"line":3,"column":28}},"1":{"start":{"line":4,"column":16},"end":{"line":4,"column":34}},"2":{"start":{"line":5,"column":15},"end":{"line":5,"column":32}},"3":{"start":{"line":9,"column":24},"end":{"line":9,"column":65}},"4":{"start":{"line":10,"column":27},"end":{"line":10,"column":71}},"5":{"start":{"line":11,"column":31},"end":{"line":11,"column":79}},"6":{"start":{"line":12,"column":24},"end":{"line":12,"column":65}},"7":{"start":{"line":16,"column":22},"end":{"line":16,"column":88}},"8":{"start":{"line":18,"column":27},"end":{"line":18,"column":87}},"9":{"start":{"line":19,"column":16},"end":{"line":19,"column":32}},"10":{"start":{"line":23,"column":15},"end":{"line":23,"column":41}},"11":{"start":{"line":25,"column":16},"end":{"line":25,"column":42}},"12":{"start":{"line":26,"column":21},"end":{"line":26,"column":53}},"13":{"start":{"line":28,"column":14},"end":{"line":28,"column":30}},"14":{"start":{"line":29,"column":13},"end":{"line":29,"column":49}},"15":{"start":{"line":30,"column":19},"end":{"line":30,"column":48}},"16":{"start":{"line":31,"column":18},"end":{"line":31,"column":38}},"17":{"start":{"line":34,"column":15},"end":{"line":34,"column":32}},"18":{"start":{"line":36,"column":11},"end":{"line":36,"column":13}},"19":{"start":{"line":39,"column":4},"end":{"line":55,"column":5}},"20":{"start":{"line":40,"column":8},"end":{"line":50,"column":11}},"21":{"start":{"line":41,"column":12},"end":{"line":49,"column":13}},"22":{"start":{"line":42,"column":16},"end":{"line":42,"column":34}},"23":{"start":{"line":44,"column":16},"end":{"line":44,"column":63}},"24":{"start":{"line":45,"column":16},"end":{"line":45,"column":52}},"25":{"start":{"line":46,"column":16},"end":{"line":46,"column":46}},"26":{"start":{"line":47,"column":16},"end":{"line":47,"column":54}},"27":{"start":{"line":48,"column":16},"end":{"line":48,"column":23}},"28":{"start":{"line":54,"column":8},"end":{"line":54,"column":15}},"29":{"start":{"line":60,"column":4},"end":{"line":63,"column":6}},"30":{"start":{"line":61,"column":8},"end":{"line":61,"column":38}},"31":{"start":{"line":62,"column":8},"end":{"line":62,"column":15}},"32":{"start":{"line":67,"column":0},"end":{"line":71,"column":3}},"33":{"start":{"line":68,"column":4},"end":{"line":68,"column":25}},"34":{"start":{"line":69,"column":4},"end":{"line":69,"column":29}},"35":{"start":{"line":75,"column":0},"end":{"line":75,"column":73}},"36":{"start":{"line":76,"column":0},"end":{"line":76,"column":53}},"37":{"start":{"line":77,"column":0},"end":{"line":77,"column":109}},"38":{"start":{"line":79,"column":0},"end":{"line":79,"column":113}},"39":{"start":{"line":81,"column":0},"end":{"line":85,"column":3}},"40":{"start":{"line":82,"column":4},"end":{"line":82,"column":25}},"41":{"start":{"line":83,"column":4},"end":{"line":83,"column":30}},"42":{"start":{"line":87,"column":0},"end":{"line":87,"column":80}},"43":{"start":{"line":92,"column":0},"end":{"line":92,"column":71}},"44":{"start":{"line":94,"column":0},"end":{"line":94,"column":64}},"45":{"start":{"line":96,"column":0},"end":{"line":96,"column":77}},"46":{"start":{"line":98,"column":0},"end":{"line":98,"column":64}},"47":{"start":{"line":100,"column":0},"end":{"line":100,"column":64}},"48":{"start":{"line":102,"column":0},"end":{"line":102,"column":66}},"49":{"start":{"line":104,"column":0},"end":{"line":104,"column":64}},"50":{"start":{"line":107,"column":0},"end":{"line":107,"column":79}},"51":{"start":{"line":108,"column":0},"end":{"line":108,"column":74}},"52":{"start":{"line":109,"column":0},"end":{"line":109,"column":84}},"53":{"start":{"line":110,"column":0},"end":{"line":110,"column":74}},"54":{"start":{"line":111,"column":0},"end":{"line":111,"column":74}},"55":{"start":{"line":112,"column":0},"end":{"line":112,"column":70}},"56":{"start":{"line":113,"column":0},"end":{"line":113,"column":74}},"57":{"start":{"line":118,"column":0},"end":{"line":118,"column":95}},"58":{"start":{"line":119,"column":0},"end":{"line":119,"column":141}},"59":{"start":{"line":120,"column":0},"end":{"line":120,"column":96}},"60":{"start":{"line":121,"column":0},"end":{"line":121,"column":111}},"61":{"start":{"line":122,"column":0},"end":{"line":122,"column":107}},"62":{"start":{"line":123,"column":0},"end":{"line":123,"column":140}},"63":{"start":{"line":126,"column":0},"end":{"line":126,"column":25}}},"fnMap":{"0":{"name":"middlewareCheckUser","decl":{"start":{"line":38,"column":9},"end":{"line":38,"column":28}},"loc":{"start":{"line":38,"column":45},"end":{"line":56,"column":1}},"line":38},"1":{"name":"(anonymous_1)","decl":{"start":{"line":40,"column":53},"end":{"line":40,"column":54}},"loc":{"start":{"line":40,"column":74},"end":{"line":50,"column":9}},"line":40},"2":{"name":"middlewareEncrypt","decl":{"start":{"line":59,"column":9},"end":{"line":59,"column":26}},"loc":{"start":{"line":59,"column":42},"end":{"line":64,"column":1}},"line":59},"3":{"name":"(anonymous_3)","decl":{"start":{"line":60,"column":41},"end":{"line":60,"column":42}},"loc":{"start":{"line":60,"column":60},"end":{"line":63,"column":5}},"line":60},"4":{"name":"mainPageForum","decl":{"start":{"line":67,"column":47},"end":{"line":67,"column":60}},"loc":{"start":{"line":67,"column":86},"end":{"line":71,"column":1}},"line":67},"5":{"name":"registerPage","decl":{"start":{"line":81,"column":32},"end":{"line":81,"column":44}},"loc":{"start":{"line":81,"column":70},"end":{"line":85,"column":1}},"line":81}},"branchMap":{"0":{"loc":{"start":{"line":39,"column":4},"end":{"line":55,"column":5}},"type":"if","locations":[{"start":{"line":39,"column":4},"end":{"line":55,"column":5}},{"start":{"line":39,"column":4},"end":{"line":55,"column":5}}],"line":39},"1":{"loc":{"start":{"line":41,"column":12},"end":{"line":49,"column":13}},"type":"if","locations":[{"start":{"line":41,"column":12},"end":{"line":49,"column":13}},{"start":{"line":41,"column":12},"end":{"line":49,"column":13}}],"line":41}},"s":{"0":0,"1":0,"2":0,"3":0,"4":0,"5":0,"6":0,"7":0,"8":0,"9":0,"10":0,"11":0,"12":0,"13":0,"14":0,"15":0,"16":0,"17":0,"18":0,"19":0,"20":0,"21":0,"22":0,"23":0,"24":0,"25":0,"26":0,"27":0,"28":0,"29":0,"30":0,"31":0,"32":0,"33":0,"34":0,"35":0,"36":0,"37":0,"38":0,"39":0,"40":0,"41":0,"42":0,"43":0,"44":0,"45":0,"46":0,"47":0,"48":0,"49":0,"50":0,"51":0,"52":0,"53":0,"54":0,"55":0,"56":0,"57":0,"58":0,"59":0,"60":0,"61":0,"62":0,"63":0},"f":{"0":0,"1":0,"2":0,"3":0,"4":0,"5":0},"b":{"0":[0,0],"1":[0,0]},"all":true}}