TN:
SF:app.js
FN:60,(anonymous_0)
FN:66,(anonymous_1)
FN:72,(anonymous_2)
FNF:3
FNH:1
FNDA:0,(anonymous_0)
FNDA:0,(anonymous_1)
FNDA:1,(anonymous_2)
DA:4,1
DA:5,1
DA:6,1
DA:7,1
DA:10,1
DA:13,1
DA:16,1
DA:19,1
DA:20,1
DA:22,1
DA:23,1
DA:24,1
DA:25,1
DA:27,1
DA:28,1
DA:29,1
DA:37,1
DA:38,1
DA:42,1
DA:47,1
DA:50,1
DA:53,1
DA:57,1
DA:60,1
DA:61,0
DA:62,0
DA:66,1
DA:67,0
DA:68,0
DA:72,1
DA:73,1
DA:74,0
DA:76,1
DA:80,1
LF:34
LH:29
BRDA:73,0,0,0
BRDA:73,0,1,1
BRF:2
BRH:1
end_of_record
TN:
SF:controllers\ControllerAssociations.js
FN:14,listAssociations
FN:15,(anonymous_1)
FN:28,associationInfo
FN:30,(anonymous_3)
FN:43,createAssociation
FN:55,(anonymous_5)
FN:73,deleteAssociation
FN:75,(anonymous_7)
FN:91,joinAssociation
FN:94,(anonymous_9)
FN:113,updateAssociation
FN:134,(anonymous_11)
FNF:12
FNH:0
FNDA:0,listAssociations
FNDA:0,(anonymous_1)
FNDA:0,associationInfo
FNDA:0,(anonymous_3)
FNDA:0,createAssociation
FNDA:0,(anonymous_5)
FNDA:0,deleteAssociation
FNDA:0,(anonymous_7)
FNDA:0,joinAssociation
FNDA:0,(anonymous_9)
FNDA:0,updateAssociation
FNDA:0,(anonymous_11)
DA:3,1
DA:4,1
DA:5,1
DA:6,1
DA:7,1
DA:10,1
DA:11,1
DA:15,0
DA:16,0
DA:17,0
DA:20,0
DA:22,0
DA:29,0
DA:30,0
DA:31,0
DA:32,0
DA:35,0
DA:37,0
DA:45,0
DA:55,0
DA:57,0
DA:58,0
DA:60,0
DA:61,0
DA:62,0
DA:65,0
DA:74,0
DA:75,0
DA:76,0
DA:77,0
DA:80,0
DA:81,0
DA:83,0
DA:85,0
DA:92,0
DA:93,0
DA:94,0
DA:95,0
DA:96,0
DA:99,0
DA:100,0
DA:102,0
DA:106,0
DA:116,0
DA:118,0
DA:129,0
DA:130,0
DA:133,0
DA:134,0
DA:135,0
DA:136,0
DA:138,0
DA:140,0
DA:146,1
LF:54
LH:8
BRDA:16,0,0,0
BRDA:16,0,1,0
BRDA:31,1,0,0
BRDA:31,1,1,0
BRDA:52,2,0,0
BRDA:52,2,1,0
BRDA:57,3,0,0
BRDA:57,3,1,0
BRDA:61,4,0,0
BRDA:61,4,1,0
BRDA:76,5,0,0
BRDA:76,5,1,0
BRDA:80,6,0,0
BRDA:80,6,1,0
BRDA:95,7,0,0
BRDA:95,7,1,0
BRDA:100,8,0,0
BRDA:100,8,1,0
BRDA:120,9,0,0
BRDA:120,9,1,0
BRDA:121,10,0,0
BRDA:121,10,1,0
BRDA:122,11,0,0
BRDA:122,11,1,0
BRDA:123,12,0,0
BRDA:123,12,1,0
BRDA:124,13,0,0
BRDA:124,13,1,0
BRDA:125,14,0,0
BRDA:125,14,1,0
BRDA:129,15,0,0
BRDA:129,15,1,0
BRDA:129,16,0,0
BRDA:129,16,1,0
BRDA:135,17,0,0
BRDA:135,17,1,0
BRF:36
BRH:0
end_of_record
TN:
SF:controllers\ControllerForum.js
FN:14,createTopic
FN:15,(anonymous_1)
FN:27,newTopic
FN:34,deleteTopic
FN:35,(anonymous_4)
FN:47,listTopics
FN:48,(anonymous_6)
FN:61,topicInfo
FN:62,(anonymous_8)
FN:67,(anonymous_9)
FN:82,answerTopic
FN:83,(anonymous_11)
FN:96,deleteAnswer
FN:98,(anonymous_13)
FN:111,updateTopic
FN:120,(anonymous_15)
FNF:16
FNH:0
FNDA:0,createTopic
FNDA:0,(anonymous_1)
FNDA:0,newTopic
FNDA:0,deleteTopic
FNDA:0,(anonymous_4)
FNDA:0,listTopics
FNDA:0,(anonymous_6)
FNDA:0,topicInfo
FNDA:0,(anonymous_8)
FNDA:0,(anonymous_9)
FNDA:0,answerTopic
FNDA:0,(anonymous_11)
FNDA:0,deleteAnswer
FNDA:0,(anonymous_13)
FNDA:0,updateTopic
FNDA:0,(anonymous_15)
DA:3,1
DA:4,1
DA:5,1
DA:8,1
DA:9,1
DA:10,1
DA:11,1
DA:15,0
DA:16,0
DA:17,0
DA:19,0
DA:21,0
DA:28,0
DA:30,0
DA:35,0
DA:36,0
DA:37,0
DA:39,0
DA:41,0
DA:48,0
DA:49,0
DA:50,0
DA:53,0
DA:55,0
DA:62,0
DA:63,0
DA:64,0
DA:67,0
DA:68,0
DA:69,0
DA:72,0
DA:74,0
DA:83,0
DA:84,0
DA:85,0
DA:88,0
DA:90,0
DA:97,0
DA:98,0
DA:99,0
DA:100,0
DA:103,0
DA:105,0
DA:112,0
DA:120,0
DA:121,0
DA:122,0
DA:125,0
DA:127,0
DA:133,1
LF:50
LH:8
BRDA:16,0,0,0
BRDA:16,0,1,0
BRDA:36,1,0,0
BRDA:36,1,1,0
BRDA:49,2,0,0
BRDA:49,2,1,0
BRDA:63,3,0,0
BRDA:63,3,1,0
BRDA:68,4,0,0
BRDA:68,4,1,0
BRDA:84,5,0,0
BRDA:84,5,1,0
BRDA:99,6,0,0
BRDA:99,6,1,0
BRDA:121,7,0,0
BRDA:121,7,1,0
BRF:16
BRH:0
end_of_record
TN:
SF:controllers\ControllerMeetings.js
FN:12,deleteMeeting
FN:13,(anonymous_1)
FN:25,listMeetings
FN:26,(anonymous_3)
FN:38,meetingInfo
FN:39,(anonymous_5)
FN:43,(anonymous_6)
FN:60,createMeeting
FN:73,(anonymous_8)
FN:86,updateMeeting
FN:100,(anonymous_10)
FN:112,joinMeeting
FN:116,(anonymous_12)
FN:136,unjoinMeeting
FN:140,(anonymous_14)
FNF:15
FNH:0
FNDA:0,deleteMeeting
FNDA:0,(anonymous_1)
FNDA:0,listMeetings
FNDA:0,(anonymous_3)
FNDA:0,meetingInfo
FNDA:0,(anonymous_5)
FNDA:0,(anonymous_6)
FNDA:0,createMeeting
FNDA:0,(anonymous_8)
FNDA:0,updateMeeting
FNDA:0,(anonymous_10)
FNDA:0,joinMeeting
FNDA:0,(anonymous_12)
FNDA:0,unjoinMeeting
FNDA:0,(anonymous_14)
DA:3,1
DA:4,1
DA:5,1
DA:8,1
DA:9,1
DA:13,0
DA:14,0
DA:15,0
DA:17,0
DA:19,0
DA:26,0
DA:27,0
DA:28,0
DA:30,0
DA:32,0
DA:39,0
DA:40,0
DA:41,0
DA:43,0
DA:44,0
DA:45,0
DA:48,0
DA:50,0
DA:51,0
DA:52,0
DA:61,0
DA:62,0
DA:63,0
DA:73,0
DA:75,0
DA:76,0
DA:78,0
DA:80,0
DA:87,0
DA:89,0
DA:100,0
DA:101,0
DA:102,0
DA:104,0
DA:106,0
DA:113,0
DA:114,0
DA:116,0
DA:117,0
DA:118,0
DA:120,0
DA:122,0
DA:126,0
DA:129,0
DA:130,0
DA:137,0
DA:138,0
DA:140,0
DA:141,0
DA:142,0
DA:144,0
DA:146,0
DA:152,1
LF:58
LH:6
BRDA:14,0,0,0
BRDA:14,0,1,0
BRDA:27,1,0,0
BRDA:27,1,1,0
BRDA:40,2,0,0
BRDA:40,2,1,0
BRDA:44,3,0,0
BRDA:44,3,1,0
BRDA:75,4,0,0
BRDA:75,4,1,0
BRDA:101,5,0,0
BRDA:101,5,1,0
BRDA:117,6,0,0
BRDA:117,6,1,0
BRDA:120,7,0,0
BRDA:120,7,1,0
BRDA:141,8,0,0
BRDA:141,8,1,0
BRF:18
BRH:0
end_of_record
TN:
SF:controllers\ControllerUsers.js
FN:16,login
FN:19,(anonymous_1)
FN:25,(anonymous_2)
FN:47,logout
FN:55,signup
FN:65,(anonymous_5)
FN:76,updateUser
FN:83,(anonymous_7)
FN:88,(anonymous_8)
FN:96,(anonymous_9)
FN:120,profileInfo
FN:123,(anonymous_11)
FN:130,(anonymous_12)
FNF:13
FNH:4
FNDA:1,login
FNDA:1,(anonymous_1)
FNDA:1,(anonymous_2)
FNDA:1,logout
FNDA:0,signup
FNDA:0,(anonymous_5)
FNDA:0,updateUser
FNDA:0,(anonymous_7)
FNDA:0,(anonymous_8)
FNDA:0,(anonymous_9)
FNDA:0,profileInfo
FNDA:0,(anonymous_11)
FNDA:0,(anonymous_12)
DA:3,1
DA:4,1
DA:5,1
DA:8,1
DA:10,1
DA:12,1
DA:13,1
DA:18,1
DA:19,1
DA:20,1
DA:21,0
DA:23,1
DA:24,1
DA:25,1
DA:26,1
DA:28,0
DA:29,0
DA:30,0
DA:31,0
DA:35,1
DA:41,0
DA:49,1
DA:51,1
DA:56,0
DA:65,0
DA:66,0
DA:67,0
DA:70,0
DA:79,0
DA:81,0
DA:82,0
DA:83,0
DA:84,0
DA:85,0
DA:88,0
DA:89,0
DA:91,0
DA:96,0
DA:98,0
DA:99,0
DA:102,0
DA:108,0
DA:115,0
DA:122,0
DA:123,0
DA:124,0
DA:125,0
DA:129,0
DA:130,0
DA:131,0
DA:132,0
DA:136,0
DA:137,0
DA:145,1
LF:54
LH:18
BRDA:20,0,0,0
BRDA:20,0,1,1
BRDA:23,1,0,1
BRDA:23,1,1,0
BRDA:26,2,0,0
BRDA:26,2,1,1
BRDA:60,3,0,0
BRDA:60,3,1,0
BRDA:62,4,0,0
BRDA:62,4,1,0
BRDA:66,5,0,0
BRDA:66,5,1,0
BRDA:81,6,0,0
BRDA:81,6,1,0
BRDA:84,7,0,0
BRDA:84,7,1,0
BRDA:89,8,0,0
BRDA:89,8,1,0
BRDA:94,9,0,0
BRDA:94,9,1,0
BRDA:98,10,0,0
BRDA:98,10,1,0
BRDA:124,11,0,0
BRDA:124,11,1,0
BRDA:131,12,0,0
BRDA:131,12,1,0
BRF:26
BRH:3
end_of_record
TN:
SF:models\DAOAnswers.js
FN:4,(anonymous_0)
FN:8,(anonymous_1)
FN:9,(anonymous_2)
FN:19,(anonymous_3)
FNF:4
FNH:1
FNDA:1,(anonymous_0)
FNDA:0,(anonymous_1)
FNDA:0,(anonymous_2)
FNDA:0,(anonymous_3)
DA:5,1
DA:9,0
DA:10,0
DA:12,0
DA:16,0
DA:20,0
DA:22,0
DA:26,0
DA:29,0
DA:31,0
DA:32,0
DA:34,0
DA:35,0
DA:37,0
DA:40,0
DA:47,0
DA:51,0
DA:53,0
DA:60,1
LF:19
LH:2
BRDA:10,0,0,0
BRDA:10,0,1,0
BRDA:20,1,0,0
BRDA:20,1,1,0
BRDA:29,2,0,0
BRDA:29,2,1,0
BRDA:34,3,0,0
BRDA:34,3,1,0
BRF:8
BRH:0
end_of_record
TN:
SF:models\DAOAssociations.js
FN:4,(anonymous_0)
FN:10,(anonymous_1)
FN:11,(anonymous_2)
FN:21,(anonymous_3)
FN:54,(anonymous_4)
FN:55,(anonymous_5)
FN:64,(anonymous_6)
FN:102,(anonymous_7)
FN:103,(anonymous_8)
FN:113,(anonymous_9)
FN:131,(anonymous_10)
FN:132,(anonymous_11)
FN:141,(anonymous_12)
FN:150,(anonymous_13)
FN:159,(anonymous_14)
FN:182,(anonymous_15)
FN:183,(anonymous_16)
FN:193,(anonymous_17)
FN:213,(anonymous_18)
FN:214,(anonymous_19)
FN:224,(anonymous_20)
FNF:21
FNH:21
FNDA:6,(anonymous_0)
FNDA:2,(anonymous_1)
FNDA:2,(anonymous_2)
FNDA:2,(anonymous_3)
FNDA:4,(anonymous_4)
FNDA:4,(anonymous_5)
FNDA:4,(anonymous_6)
FNDA:2,(anonymous_7)
FNDA:2,(anonymous_8)
FNDA:2,(anonymous_9)
FNDA:2,(anonymous_10)
FNDA:2,(anonymous_11)
FNDA:2,(anonymous_12)
FNDA:1,(anonymous_13)
FNDA:1,(anonymous_14)
FNDA:1,(anonymous_15)
FNDA:1,(anonymous_16)
FNDA:1,(anonymous_17)
FNDA:1,(anonymous_18)
FNDA:1,(anonymous_19)
FNDA:1,(anonymous_20)
DA:5,6
DA:11,2
DA:12,2
DA:14,0
DA:17,2
DA:22,2
DA:24,0
DA:30,2
DA:31,1
DA:43,2
DA:45,2
DA:55,4
DA:56,4
DA:58,0
DA:62,4
DA:65,4
DA:67,0
DA:71,4
DA:74,4
DA:75,4
DA:76,113
DA:86,113
DA:90,4
DA:92,4
DA:103,2
DA:104,2
DA:106,0
DA:110,2
DA:114,2
DA:115,2
DA:117,1
DA:120,1
DA:132,2
DA:133,2
DA:135,0
DA:139,2
DA:142,2
DA:144,1
DA:147,1
DA:151,1
DA:153,0
DA:155,1
DA:160,1
DA:161,1
DA:162,0
DA:165,1
DA:183,1
DA:184,1
DA:186,0
DA:190,1
DA:194,1
DA:195,1
DA:197,0
DA:201,1
DA:214,1
DA:215,1
DA:217,0
DA:221,1
DA:225,1
DA:226,1
DA:228,0
DA:231,1
DA:241,1
LF:63
LH:51
BRDA:12,0,0,0
BRDA:12,0,1,2
BRDA:22,1,0,0
BRDA:22,1,1,2
BRDA:30,2,0,1
BRDA:30,2,1,1
BRDA:56,3,0,0
BRDA:56,3,1,4
BRDA:65,4,0,0
BRDA:65,4,1,4
BRDA:74,5,0,4
BRDA:74,5,1,0
BRDA:104,6,0,0
BRDA:104,6,1,2
BRDA:115,7,0,1
BRDA:115,7,1,1
BRDA:133,8,0,0
BRDA:133,8,1,2
BRDA:142,9,0,1
BRDA:142,9,1,1
BRDA:151,10,0,0
BRDA:151,10,1,1
BRDA:161,11,0,0
BRDA:161,11,1,1
BRDA:184,12,0,0
BRDA:184,12,1,1
BRDA:195,13,0,0
BRDA:195,13,1,1
BRDA:215,14,0,0
BRDA:215,14,1,1
BRDA:226,15,0,0
BRDA:226,15,1,1
BRF:32
BRH:19
end_of_record
TN:
SF:models\DAOForum.js
FN:4,(anonymous_0)
FN:8,(anonymous_1)
FN:9,(anonymous_2)
FN:19,(anonymous_3)
FN:36,(anonymous_4)
FN:37,(anonymous_5)
FN:47,(anonymous_6)
FN:63,(anonymous_7)
FN:64,(anonymous_8)
FN:74,(anonymous_9)
FN:89,(anonymous_10)
FN:90,(anonymous_11)
FN:99,(anonymous_12)
FN:139,(anonymous_13)
FN:140,(anonymous_14)
FN:150,(anonymous_15)
FN:185,(anonymous_16)
FN:186,(anonymous_17)
FN:196,(anonymous_18)
FN:212,(anonymous_19)
FN:213,(anonymous_20)
FN:223,(anonymous_21)
FN:239,(anonymous_22)
FN:240,(anonymous_23)
FN:250,(anonymous_24)
FNF:25
FNH:22
FNDA:2,(anonymous_0)
FNDA:0,(anonymous_1)
FNDA:0,(anonymous_2)
FNDA:0,(anonymous_3)
FNDA:3,(anonymous_4)
FNDA:3,(anonymous_5)
FNDA:3,(anonymous_6)
FNDA:2,(anonymous_7)
FNDA:2,(anonymous_8)
FNDA:2,(anonymous_9)
FNDA:5,(anonymous_10)
FNDA:5,(anonymous_11)
FNDA:5,(anonymous_12)
FNDA:2,(anonymous_13)
FNDA:2,(anonymous_14)
FNDA:2,(anonymous_15)
FNDA:2,(anonymous_16)
FNDA:2,(anonymous_17)
FNDA:2,(anonymous_18)
FNDA:1,(anonymous_19)
FNDA:1,(anonymous_20)
FNDA:1,(anonymous_21)
FNDA:1,(anonymous_22)
FNDA:1,(anonymous_23)
FNDA:1,(anonymous_24)
DA:5,2
DA:9,0
DA:10,0
DA:12,0
DA:16,0
DA:20,0
DA:21,0
DA:23,0
DA:26,0
DA:37,3
DA:38,3
DA:40,0
DA:44,3
DA:48,3
DA:49,3
DA:51,2
DA:54,1
DA:64,2
DA:65,2
DA:67,0
DA:71,2
DA:75,2
DA:76,2
DA:78,1
DA:81,1
DA:90,5
DA:91,5
DA:93,0
DA:97,5
DA:101,5
DA:102,0
DA:105,5
DA:108,5
DA:109,5
DA:111,113
DA:112,113
DA:113,48
DA:115,65
DA:118,113
DA:126,113
DA:130,5
DA:132,5
DA:140,2
DA:141,2
DA:143,0
DA:147,2
DA:152,2
DA:153,0
DA:157,2
DA:159,1
DA:160,1
DA:161,0
DA:163,1
DA:165,1
DA:176,2
DA:178,2
DA:186,2
DA:187,2
DA:189,0
DA:193,2
DA:197,2
DA:198,2
DA:200,1
DA:203,1
DA:213,1
DA:214,1
DA:216,0
DA:220,1
DA:224,1
DA:225,1
DA:227,0
DA:230,1
DA:240,1
DA:241,1
DA:243,0
DA:247,1
DA:251,1
DA:252,1
DA:254,0
DA:257,1
DA:267,1
LF:81
LH:61
BRDA:10,0,0,0
BRDA:10,0,1,0
BRDA:21,1,0,0
BRDA:21,1,1,0
BRDA:38,2,0,0
BRDA:38,2,1,3
BRDA:49,3,0,2
BRDA:49,3,1,1
BRDA:65,4,0,0
BRDA:65,4,1,2
BRDA:76,5,0,1
BRDA:76,5,1,1
BRDA:91,6,0,0
BRDA:91,6,1,5
BRDA:101,7,0,0
BRDA:101,7,1,5
BRDA:108,8,0,5
BRDA:108,8,1,0
BRDA:112,9,0,48
BRDA:112,9,1,65
BRDA:141,10,0,0
BRDA:141,10,1,2
BRDA:152,11,0,0
BRDA:152,11,1,2
BRDA:157,12,0,1
BRDA:157,12,1,1
BRDA:160,13,0,0
BRDA:160,13,1,1
BRDA:187,14,0,0
BRDA:187,14,1,2
BRDA:198,15,0,1
BRDA:198,15,1,1
BRDA:214,16,0,0
BRDA:214,16,1,1
BRDA:225,17,0,0
BRDA:225,17,1,1
BRDA:241,18,0,0
BRDA:241,18,1,1
BRDA:252,19,0,0
BRDA:252,19,1,1
BRF:40
BRH:23
end_of_record
TN:
SF:models\DAOMeetings.js
FN:4,(anonymous_0)
FN:8,(anonymous_1)
FN:9,(anonymous_2)
FN:19,(anonymous_3)
FN:33,(anonymous_4)
FN:34,(anonymous_5)
FN:43,(anonymous_6)
FN:84,(anonymous_7)
FN:85,(anonymous_8)
FN:95,(anonymous_9)
FN:140,(anonymous_10)
FN:141,(anonymous_11)
FN:150,(anonymous_12)
FN:164,(anonymous_13)
FN:165,(anonymous_14)
FN:173,(anonymous_15)
FN:187,(anonymous_16)
FN:188,(anonymous_17)
FN:198,(anonymous_18)
FN:205,(anonymous_19)
FN:214,(anonymous_20)
FN:249,(anonymous_21)
FN:250,(anonymous_22)
FN:258,(anonymous_23)
FN:272,(anonymous_24)
FN:273,(anonymous_25)
FN:281,(anonymous_26)
FNF:27
FNH:24
FNDA:2,(anonymous_0)
FNDA:2,(anonymous_1)
FNDA:2,(anonymous_2)
FNDA:2,(anonymous_3)
FNDA:3,(anonymous_4)
FNDA:3,(anonymous_5)
FNDA:3,(anonymous_6)
FNDA:2,(anonymous_7)
FNDA:2,(anonymous_8)
FNDA:2,(anonymous_9)
FNDA:2,(anonymous_10)
FNDA:2,(anonymous_11)
FNDA:2,(anonymous_12)
FNDA:1,(anonymous_13)
FNDA:1,(anonymous_14)
FNDA:1,(anonymous_15)
FNDA:3,(anonymous_16)
FNDA:3,(anonymous_17)
FNDA:3,(anonymous_18)
FNDA:3,(anonymous_19)
FNDA:1,(anonymous_20)
FNDA:2,(anonymous_21)
FNDA:2,(anonymous_22)
FNDA:2,(anonymous_23)
FNDA:0,(anonymous_24)
FNDA:0,(anonymous_25)
FNDA:0,(anonymous_26)
DA:5,2
DA:9,2
DA:10,2
DA:12,0
DA:16,2
DA:20,2
DA:21,2
DA:22,0
DA:25,2
DA:34,3
DA:35,3
DA:37,0
DA:41,3
DA:44,3
DA:45,0
DA:48,3
DA:51,3
DA:52,3
DA:53,156
DA:54,156
DA:55,150
DA:57,6
DA:60,156
DA:71,156
DA:75,3
DA:77,3
DA:85,2
DA:86,2
DA:88,0
DA:92,2
DA:96,2
DA:97,0
DA:101,2
DA:103,1
DA:104,1
DA:105,0
DA:107,1
DA:109,1
DA:110,1
DA:111,0
DA:113,1
DA:116,1
DA:131,2
DA:133,2
DA:141,2
DA:142,2
DA:144,0
DA:147,2
DA:151,2
DA:152,2
DA:153,1
DA:156,1
DA:165,1
DA:166,1
DA:167,0
DA:170,1
DA:174,1
DA:175,1
DA:176,0
DA:179,1
DA:188,3
DA:189,3
DA:190,0
DA:193,3
DA:199,3
DA:200,0
DA:203,3
DA:206,3
DA:207,3
DA:208,2
DA:210,2
DA:211,1
DA:215,1
DA:216,1
DA:217,0
DA:220,1
DA:226,1
DA:230,0
DA:234,1
DA:238,0
DA:250,2
DA:251,2
DA:252,0
DA:255,2
DA:259,2
DA:260,0
DA:263,2
DA:273,0
DA:274,0
DA:275,0
DA:278,0
DA:282,0
DA:283,0
DA:286,0
DA:287,0
DA:290,0
DA:300,1
LF:97
LH:70
BRDA:10,0,0,0
BRDA:10,0,1,2
BRDA:21,1,0,0
BRDA:21,1,1,2
BRDA:35,2,0,0
BRDA:35,2,1,3
BRDA:44,3,0,0
BRDA:44,3,1,3
BRDA:51,4,0,3
BRDA:51,4,1,0
BRDA:54,5,0,150
BRDA:54,5,1,6
BRDA:86,6,0,0
BRDA:86,6,1,2
BRDA:96,7,0,0
BRDA:96,7,1,2
BRDA:101,8,0,1
BRDA:101,8,1,1
BRDA:104,9,0,0
BRDA:104,9,1,1
BRDA:110,10,0,0
BRDA:110,10,1,1
BRDA:142,11,0,0
BRDA:142,11,1,2
BRDA:152,12,0,1
BRDA:152,12,1,1
BRDA:166,13,0,0
BRDA:166,13,1,1
BRDA:175,14,0,0
BRDA:175,14,1,1
BRDA:189,15,0,0
BRDA:189,15,1,3
BRDA:199,16,0,0
BRDA:199,16,1,3
BRDA:206,17,0,3
BRDA:206,17,1,0
BRDA:207,18,0,2
BRDA:207,18,1,1
BRDA:208,19,0,2
BRDA:208,19,1,0
BRDA:210,20,0,1
BRDA:210,20,1,1
BRDA:210,21,0,2
BRDA:210,21,1,1
BRDA:216,22,0,0
BRDA:216,22,1,1
BRDA:251,23,0,0
BRDA:251,23,1,2
BRDA:259,24,0,0
BRDA:259,24,1,2
BRDA:274,25,0,0
BRDA:274,25,1,0
BRDA:282,26,0,0
BRDA:282,26,1,0
BRDA:286,27,0,0
BRDA:286,27,1,0
BRF:56
BRH:31
end_of_record
TN:
SF:models\DAOUsers.js
FN:6,(anonymous_0)
FN:11,(anonymous_1)
FN:12,(anonymous_2)
FN:18,(anonymous_3)
FN:37,(anonymous_4)
FN:38,(anonymous_5)
FN:44,(anonymous_6)
FN:64,(anonymous_7)
FN:65,(anonymous_8)
FN:71,(anonymous_9)
FN:99,(anonymous_10)
FN:100,(anonymous_11)
FN:107,(anonymous_12)
FN:120,(anonymous_13)
FN:136,(anonymous_14)
FN:137,(anonymous_15)
FN:145,(anonymous_16)
FN:159,(anonymous_17)
FN:160,(anonymous_18)
FN:166,(anonymous_19)
FN:185,(anonymous_20)
FN:186,(anonymous_21)
FN:194,(anonymous_22)
FN:219,(anonymous_23)
FN:220,(anonymous_24)
FN:228,(anonymous_25)
FNF:26
FNH:20
FNDA:4,(anonymous_0)
FNDA:2,(anonymous_1)
FNDA:2,(anonymous_2)
FNDA:2,(anonymous_3)
FNDA:1,(anonymous_4)
FNDA:1,(anonymous_5)
FNDA:1,(anonymous_6)
FNDA:3,(anonymous_7)
FNDA:3,(anonymous_8)
FNDA:3,(anonymous_9)
FNDA:3,(anonymous_10)
FNDA:3,(anonymous_11)
FNDA:3,(anonymous_12)
FNDA:1,(anonymous_13)
FNDA:2,(anonymous_14)
FNDA:2,(anonymous_15)
FNDA:2,(anonymous_16)
FNDA:0,(anonymous_17)
FNDA:0,(anonymous_18)
FNDA:0,(anonymous_19)
FNDA:2,(anonymous_20)
FNDA:2,(anonymous_21)
FNDA:2,(anonymous_22)
FNDA:0,(anonymous_23)
FNDA:0,(anonymous_24)
FNDA:0,(anonymous_25)
DA:2,1
DA:7,4
DA:8,4
DA:12,2
DA:13,2
DA:14,0
DA:17,2
DA:19,2
DA:20,2
DA:21,0
DA:24,2
DA:25,1
DA:28,1
DA:38,1
DA:39,1
DA:40,0
DA:43,1
DA:45,1
DA:46,1
DA:47,0
DA:50,1
DA:52,1
DA:55,0
DA:65,3
DA:66,3
DA:67,0
DA:70,3
DA:72,3
DA:73,3
DA:74,0
DA:77,3
DA:78,2
DA:87,2
DA:90,1
DA:100,3
DA:101,3
DA:102,0
DA:105,3
DA:108,3
DA:109,0
DA:112,3
DA:114,2
DA:118,1
DA:121,1
DA:122,1
DA:123,1
DA:126,0
DA:137,2
DA:138,2
DA:139,0
DA:142,2
DA:146,2
DA:147,2
DA:148,0
DA:151,2
DA:160,0
DA:161,0
DA:162,0
DA:165,0
DA:167,0
DA:168,0
DA:169,0
DA:172,0
DA:173,0
DA:176,0
DA:186,2
DA:187,2
DA:188,0
DA:191,2
DA:195,2
DA:196,1
DA:200,1
DA:201,1
DA:210,1
DA:212,2
DA:220,0
DA:221,0
DA:222,0
DA:225,0
DA:229,0
DA:230,0
DA:231,0
DA:234,0
DA:235,0
DA:238,0
DA:239,0
DA:249,0
DA:252,0
DA:255,0
DA:265,1
LF:90
LH:53
BRDA:13,0,0,0
BRDA:13,0,1,2
BRDA:20,1,0,0
BRDA:20,1,1,2
BRDA:24,2,0,1
BRDA:24,2,1,1
BRDA:39,3,0,0
BRDA:39,3,1,1
BRDA:46,4,0,0
BRDA:46,4,1,1
BRDA:50,5,0,1
BRDA:50,5,1,0
BRDA:66,6,0,0
BRDA:66,6,1,3
BRDA:73,7,0,0
BRDA:73,7,1,3
BRDA:77,8,0,2
BRDA:77,8,1,1
BRDA:101,9,0,0
BRDA:101,9,1,3
BRDA:108,10,0,0
BRDA:108,10,1,3
BRDA:112,11,0,2
BRDA:112,11,1,1
BRDA:122,12,0,1
BRDA:122,12,1,0
BRDA:138,13,0,0
BRDA:138,13,1,2
BRDA:147,14,0,0
BRDA:147,14,1,2
BRDA:161,15,0,0
BRDA:161,15,1,0
BRDA:168,16,0,0
BRDA:168,16,1,0
BRDA:172,17,0,0
BRDA:172,17,1,0
BRDA:187,18,0,0
BRDA:187,18,1,2
BRDA:195,19,0,1
BRDA:195,19,1,1
BRDA:200,20,0,1
BRDA:200,20,1,0
BRDA:221,21,0,0
BRDA:221,21,1,0
BRDA:230,22,0,0
BRDA:230,22,1,0
BRDA:234,23,0,0
BRDA:234,23,1,0
BRF:48
BRH:22
end_of_record
TN:
SF:utils\config.js
FNF:0
FNH:0
DA:2,1
LF:1
LH:1
BRF:0
BRH:0
end_of_record
TN:
SF:utils\routers.js
FN:38,middlewareCheckUser
FN:40,(anonymous_1)
FN:59,middlewareEncrypt
FN:60,(anonymous_3)
FN:67,mainPageForum
FN:81,registerPage
FNF:6
FNH:2
FNDA:2,middlewareCheckUser
FNDA:0,(anonymous_1)
FNDA:0,middlewareEncrypt
FNDA:0,(anonymous_3)
FNDA:1,mainPageForum
FNDA:0,registerPage
DA:3,1
DA:4,1
DA:5,1
DA:9,1
DA:10,1
DA:11,1
DA:12,1
DA:16,1
DA:18,1
DA:19,1
DA:23,1
DA:25,1
DA:26,1
DA:28,1
DA:29,1
DA:30,1
DA:31,1
DA:34,1
DA:36,1
DA:39,2
DA:40,0
DA:41,0
DA:42,0
DA:44,0
DA:45,0
DA:46,0
DA:47,0
DA:48,0
DA:54,2
DA:60,0
DA:61,0
DA:62,0
DA:67,1
DA:68,1
DA:69,1
DA:75,1
DA:76,1
DA:77,1
DA:79,1
DA:81,1
DA:82,0
DA:83,0
DA:87,1
DA:92,1
DA:94,1
DA:96,1
DA:98,1
DA:100,1
DA:102,1
DA:104,1
DA:107,1
DA:108,1
DA:109,1
DA:110,1
DA:111,1
DA:112,1
DA:113,1
DA:118,1
DA:119,1
DA:120,1
DA:121,1
DA:122,1
DA:123,1
DA:126,1
LF:64
LH:51
BRDA:39,0,0,0
BRDA:39,0,1,2
BRDA:41,1,0,0
BRDA:41,1,1,0
BRF:4
BRH:1
end_of_record
TN:
SF:utils_testing\SQLPopulate.js
FNF:0
FNH:0
DA:1,1
LF:1
LH:1
BRF:0
BRH:0
end_of_record
TN:
SF:utils_testing\testUtils.js
FN:24,(anonymous_0)
FN:26,(anonymous_1)
FN:32,(anonymous_2)
FN:33,(anonymous_3)
FN:41,(anonymous_4)
FN:55,(anonymous_5)
FN:56,(anonymous_6)
FN:65,(anonymous_7)
FN:79,(anonymous_8)
FN:80,(anonymous_9)
FN:87,(anonymous_10)
FN:99,(anonymous_11)
FN:100,(anonymous_12)
FN:108,(anonymous_13)
FN:122,(anonymous_14)
FN:123,(anonymous_15)
FN:132,(anonymous_16)
FN:146,(anonymous_17)
FN:147,(anonymous_18)
FN:154,(anonymous_19)
FN:168,(anonymous_20)
FN:169,(anonymous_21)
FN:177,(anonymous_22)
FN:191,(anonymous_23)
FN:192,(anonymous_24)
FN:199,(anonymous_25)
FN:213,(anonymous_26)
FN:214,(anonymous_27)
FN:223,(anonymous_28)
FN:237,(anonymous_29)
FN:238,(anonymous_30)
FN:245,(anonymous_31)
FNF:32
FNH:19
FNDA:0,(anonymous_0)
FNDA:0,(anonymous_1)
FNDA:4,(anonymous_2)
FNDA:4,(anonymous_3)
FNDA:4,(anonymous_4)
FNDA:4,(anonymous_5)
FNDA:4,(anonymous_6)
FNDA:4,(anonymous_7)
FNDA:1,(anonymous_8)
FNDA:0,(anonymous_9)
FNDA:0,(anonymous_10)
FNDA:0,(anonymous_11)
FNDA:0,(anonymous_12)
FNDA:0,(anonymous_13)
FNDA:3,(anonymous_14)
FNDA:3,(anonymous_15)
FNDA:3,(anonymous_16)
FNDA:1,(anonymous_17)
FNDA:0,(anonymous_18)
FNDA:0,(anonymous_19)
FNDA:2,(anonymous_20)
FNDA:2,(anonymous_21)
FNDA:2,(anonymous_22)
FNDA:1,(anonymous_23)
FNDA:0,(anonymous_24)
FNDA:0,(anonymous_25)
FNDA:2,(anonymous_26)
FNDA:2,(anonymous_27)
FNDA:2,(anonymous_28)
FNDA:1,(anonymous_29)
FNDA:0,(anonymous_30)
FNDA:0,(anonymous_31)
DA:1,1
DA:2,1
DA:3,1
DA:4,1
DA:5,1
DA:6,1
DA:7,1
DA:8,1
DA:9,1
DA:10,1
DA:11,1
DA:12,1
DA:13,1
DA:14,1
DA:16,1
DA:26,0
DA:27,0
DA:28,0
DA:33,4
DA:34,4
DA:35,0
DA:38,4
DA:42,4
DA:43,4
DA:44,0
DA:47,4
DA:56,4
DA:57,4
DA:58,0
DA:61,4
DA:66,4
DA:67,4
DA:68,0
DA:71,4
DA:80,1
DA:81,0
DA:82,0
DA:85,0
DA:88,0
DA:89,0
DA:90,0
DA:93,0
DA:100,0
DA:101,0
DA:102,0
DA:105,0
DA:109,0
DA:110,0
DA:111,0
DA:114,0
DA:123,3
DA:124,3
DA:125,0
DA:128,3
DA:133,3
DA:134,3
DA:135,0
DA:138,3
DA:147,1
DA:148,0
DA:149,0
DA:152,0
DA:155,0
DA:156,0
DA:157,0
DA:160,0
DA:169,2
DA:170,2
DA:171,0
DA:174,2
DA:178,2
DA:179,2
DA:180,0
DA:183,2
DA:192,1
DA:193,0
DA:194,0
DA:197,0
DA:200,0
DA:201,0
DA:202,0
DA:205,0
DA:214,2
DA:215,2
DA:216,0
DA:219,2
DA:224,2
DA:225,2
DA:226,0
DA:229,2
DA:238,1
DA:239,0
DA:240,0
DA:243,0
DA:246,0
DA:247,0
DA:248,0
DA:251,0
LF:98
LH:49
BRDA:27,0,0,0
BRDA:27,0,1,0
BRDA:34,1,0,0
BRDA:34,1,1,4
BRDA:43,2,0,0
BRDA:43,2,1,4
BRDA:57,3,0,0
BRDA:57,3,1,4
BRDA:67,4,0,0
BRDA:67,4,1,4
BRDA:81,5,0,0
BRDA:81,5,1,0
BRDA:89,6,0,0
BRDA:89,6,1,0
BRDA:101,7,0,0
BRDA:101,7,1,0
BRDA:110,8,0,0
BRDA:110,8,1,0
BRDA:124,9,0,0
BRDA:124,9,1,3
BRDA:134,10,0,0
BRDA:134,10,1,3
BRDA:148,11,0,0
BRDA:148,11,1,0
BRDA:156,12,0,0
BRDA:156,12,1,0
BRDA:170,13,0,0
BRDA:170,13,1,2
BRDA:179,14,0,0
BRDA:179,14,1,2
BRDA:193,15,0,0
BRDA:193,15,1,0
BRDA:201,16,0,0
BRDA:201,16,1,0
BRDA:215,17,0,0
BRDA:215,17,1,2
BRDA:225,18,0,0
BRDA:225,18,1,2
BRDA:239,19,0,0
BRDA:239,19,1,0
BRDA:247,20,0,0
BRDA:247,20,1,0
BRF:42
BRH:10
end_of_record
